"../../../Engine/Content/EditorBlueprintResources/StandardMacros.uasset" 0
"../../../Engine/Content/EngineSky/C_Sky_Cloud_Color.uasset" 1
"../../../Engine/Content/EngineSky/C_Sky_Horizon_Color.uasset" 2
"../../../Engine/Content/EngineSky/C_Sky_Zenith_Color.uasset" 3
"../../../Engine/Content/EngineSky/T_Sky_Blue.uasset" 4
"../../../Engine/Content/EngineSky/T_Sky_Clouds_M.uasset" 5
"../../../Engine/Content/EngineSky/T_Sky_Stars.uasset" 6
"../../../Engine/Content/EngineSky/SM_SkySphere.uasset" 7
"../../../Engine/Content/EngineSky/M_Sky_Panning_Clouds2.uasset" 8
"../../../Engine/Content/EngineSky/BP_Sky_Sphere.uasset" 9
"../../../Roll_A_Ball/Content/M_PickUps.uasset" 10
"../../../Roll_A_Ball/Content/MI_Player.uasset" 11
"../../../Engine/Content/Functions/Engine_MaterialFunctions01/Opacity/CameraDepthFade.uasset" 12
"../../../Engine/Content/EngineMaterials/T_Default_Material_Grid_M.uasset" 13
"../../../Engine/Content/EngineMaterials/T_Default_Material_Grid_N.uasset" 14
"../../../Engine/Content/EngineMaterials/DefaultMaterial.uasset" 15
"../../../Engine/Content/BasicShapes/Sphere.uasset" 16
"../../../Roll_A_Ball/Content/BP_Player.uasset" 17
"../../../Roll_A_Ball/Content/BP_GameUI.uasset" 18
"../../../Roll_A_Ball/Content/MyGameMode.uasset" 19
"../../../Engine/Content/EngineMaterials/WorldGridMaterial.uasset" 20
"../../../Engine/Content/BasicShapes/Cube.uasset" 21
"../../../Roll_A_Ball/Content/BP_PickUps.uasset" 22
"../../../Engine/Content/BasicShapes/BasicShapeMaterial.uasset" 23
"../../../Roll_A_Ball/Content/StarterContent/Textures/T_MacroVariation.uasset" 24
"../../../Roll_A_Ball/Content/StarterContent/Textures/T_Perlin_Noise_M.uasset" 25
"../../../Roll_A_Ball/Content/StarterContent/Textures/T_Wood_Pine_D.uasset" 26
"../../../Roll_A_Ball/Content/StarterContent/Textures/T_Wood_Pine_N.uasset" 27
"../../../Roll_A_Ball/Content/StarterContent/Materials/M_Wood_Pine.uasset" 28
"../../../Roll_A_Ball/Content/StarterContent/Audio/Starter_Birds01.uasset" 29
"../../../Roll_A_Ball/Content/StarterContent/Audio/Starter_Wind05.uasset" 30
"../../../Roll_A_Ball/Content/StarterContent/Audio/Starter_Wind06.uasset" 31
"../../../Roll_A_Ball/Content/StarterContent/Audio/Starter_Background_Cue.uasset" 32
"../../../Roll_A_Ball/Content/StarterContent/Maps/Minimal_Default.umap" 33
"../../../Engine/Content/EngineFonts/Roboto.uasset" 34
"../../../Engine/Content/Functions/Engine_MaterialFunctions01/Shading/PowerToRoughness.uasset" 35
"../../../Engine/Content/Functions/Engine_MaterialFunctions01/Shading/ConvertFromDiffSpec.uasset" 36
"../../../Engine/Content/EngineMaterials/DefaultDiffuse.uasset" 37
"../../../Engine/Content/EngineMaterials/DefaultDeferredDecalMaterial.uasset" 38
"../../../Engine/Content/EngineMaterials/DefaultLightFunctionMaterial.uasset" 39
"../../../Engine/Content/Functions/Engine_MaterialFunctions02/Utility/BreakOutFloat2Components.uasset" 40
"../../../Engine/Content/EngineMaterials/DefaultPostProcessMaterial.uasset" 41
"../../../Engine/Content/EngineResources/DefaultTexture.uasset" 42
"../../../Engine/Content/Functions/Engine_MaterialFunctions02/Texturing/ScreenAlignedUVs.uasset" 43
"../../../Engine/Content/EngineResources/WhiteSquareTexture.uasset" 44
"../../../Engine/Content/EngineMaterials/Widget3DPassThrough.uasset" 45
"../../../Engine/Content/EngineMaterials/Widget3DPassThrough_Translucent.uasset" 46
"../../../Engine/Content/EngineMaterials/Widget3DPassThrough_Translucent_OneSided.uasset" 47
"../../../Engine/Content/EngineMaterials/Widget3DPassThrough_Opaque.uasset" 48
"../../../Engine/Content/EngineMaterials/Widget3DPassThrough_Opaque_OneSided.uasset" 49
"../../../Engine/Content/EngineMaterials/Widget3DPassThrough_Masked.uasset" 50
"../../../Engine/Content/EngineMaterials/Widget3DPassThrough_Masked_OneSided.uasset" 51
"../../../Engine/Content/EditorResources/S_Actor.uasset" 52
"../../../Engine/Content/Maps/Templates/Thumbnails/Default.uasset" 53
"../../../Engine/Content/EditorMaterials/ParticleSystems/PSysThumbnail_NoImage.uasset" 54
"../../../Engine/Content/EditorMaterials/ParticleSystems/PSysThumbnail_OOD.uasset" 55
"../../../Engine/Content/EditorLandscapeResources/DataLayer.uasset" 56
"../../../Engine/Content/EngineDamageTypes/DmgTypeBP_Environmental.uasset" 57
"../../../Engine/Content/EngineMeshes/Sphere.uasset" 58
"../../../Engine/Content/EngineFonts/RobotoDistanceField.uasset" 59
"../../../Engine/Content/EngineMaterials/DefaultTextMaterialOpaque.uasset" 60
"../../../Engine/Content/EditorResources/S_Trigger.uasset" 61
"../../../Engine/Content/EngineResources/GradientTexture0.uasset" 62
"../../../Engine/Content/EngineResources/Black.uasset" 63
"../../../Engine/Content/EditorMaterials/MatineeGroups/MAT_Groups_Float.uasset" 64
"../../../Engine/Content/EditorMaterials/MatineeGroups/MAT_Groups_Director.uasset" 65
"../../../Engine/Content/EditorMaterials/MatineeGroups/MAT_Groups_Event.uasset" 66
"../../../Engine/Content/EditorMaterials/MatineeGroups/MAT_Groups_Anim.uasset" 67
"../../../Engine/Content/EditorMaterials/MatineeGroups/MAT_Groups_Fade.uasset" 68
"../../../Engine/Content/EditorMaterials/MatineeGroups/MAT_Groups_Move.uasset" 69
"../../../Engine/Content/EditorMaterials/MatineeGroups/MAT_Groups_Slomo.uasset" 70
"../../../Engine/Content/EditorMaterials/MatineeGroups/MAT_ColorTrack.uasset" 71
"../../../Engine/Content/EditorMaterials/MAT_Groups_Toggle.uasset" 72
"../../../Engine/Content/EditorMaterials/MatineeGroups/MAT_Groups_AudioMaster.uasset" 73
"../../../Engine/Content/EditorMaterials/MatineeGroups/MAT_Groups_Sound.uasset" 74
"../../../Engine/Content/EditorMaterials/MatineeGroups/MAT_Groups_Vector.uasset" 75
"../../../Engine/Content/EditorMaterials/MAT_Groups_Visibility.uasset" 76
"../../../Engine/Content/EngineResources/DefaultTextureCube.uasset" 77
"../../../Engine/Content/EngineMeshes/Cylinder.uasset" 78
"../../../Engine/Content/EngineTireTypes/DefaultTireType.uasset" 79
"../../../Engine/Content/EngineResources/AICON-Red.uasset" 80
"../../../Engine/Content/EngineResources/AICON-Green.uasset" 81
"../../../Engine/Content/Tutorial/Basics/TutorialAssets/icon_tab_Levels_40x.uasset" 82
"../../../Engine/Content/Tutorial/Basics/LevelEditorOverview.uasset" 83
"../../../Engine/Content/Tutorial/Basics/LevelEditorAttract.uasset" 84
"../../../Engine/Content/Tutorial/ContentIntroCurve.uasset" 85
"../../../Engine/Plugins/2D/Paper2D/Content/PlaceholderTextures/DummySpriteTexture.uasset" 86
"../../../Engine/Plugins/2D/Paper2D/Content/DefaultSpriteMaterial.uasset" 87
"../../../Engine/Plugins/2D/Paper2D/Content/MaskedUnlitSpriteMaterial.uasset" 88
"../../../Engine/Plugins/2D/Paper2D/Content/OpaqueUnlitSpriteMaterial.uasset" 89
"../../../Engine/Plugins/2D/Paper2D/Content/DummySpriteTexture.uasset" 90
"../../../Engine/Plugins/2D/Paper2D/Content/DummySprite.uasset" 91
"../../../Engine/Plugins/2D/Paper2D/Content/DefaultPaperTerrainMaterial.uasset" 92
"../../../Engine/Plugins/Runtime/LeapMotionController/Content/LM_CapsuleMesh.uasset" 93
"../../../Engine/Plugins/Runtime/LeapMotionController/Content/LM_TorusMesh.uasset" 94
"../../../Engine/Plugins/Runtime/LeapMotionController/Content/LM_HandColor.uasset" 95
"../../../Engine/Plugins/Runtime/LeapMotionController/Content/LM_SampleDistortion.uasset" 96
"../../../Engine/Plugins/Runtime/LeapMotionController/Content/LM_TestTexture.uasset" 97
"../../../Engine/Plugins/Runtime/LeapMotionController/Content/LM_PassthroughMaterial.uasset" 98
"../../../Engine/Content/EngineMaterials/RemoveSurfaceMaterial.uasset" 99
"../../../Engine/Content/EngineDebugMaterials/DebugMeshMaterial.uasset" 100
"../../../Engine/Content/EngineMaterials/InvalidLightmapSettings.uasset" 101
"../../../Engine/Content/EngineMaterials/M_InvalidLightmapSettings.uasset" 102
"../../../Engine/Content/EditorMaterials/GizmoMaterial.uasset" 103
"../../../Engine/Content/EngineMaterials/Good64x64TilingNoiseHighFreq.uasset" 104
"../../../Engine/Content/EngineMaterials/DefaultBokeh.uasset" 105
"../../../Engine/Content/EngineMaterials/PreintegratedSkinBRDF.uasset" 106
"../../../Engine/Content/EngineMaterials/MiniFont.uasset" 107
"../../../Engine/Content/EngineMaterials/WeightMapPlaceholderTexture.uasset" 108
"../../../Engine/Content/EngineMaterials/DefaultWhiteGrid.uasset" 109
"../../../Engine/Content/EngineMaterials/DefaultPhysicalMaterial.uasset" 110
"../../../Engine/Content/EngineFonts/RobotoTiny.uasset" 111
"../../../Roll_A_Ball/Content/StarterContent/Audio/Collapse01.uasset" 112
"../../../Roll_A_Ball/Content/StarterContent/Audio/Collapse02.uasset" 113
"../../../Roll_A_Ball/Content/StarterContent/Audio/Explosion01.uasset" 114
"../../../Roll_A_Ball/Content/StarterContent/Audio/Explosion02.uasset" 115
"../../../Roll_A_Ball/Content/StarterContent/Audio/Explosion_Cue.uasset" 116
"../../../Roll_A_Ball/Content/StarterContent/Audio/Fire01.uasset" 117
"../../../Roll_A_Ball/Content/StarterContent/Audio/Fire01_Cue.uasset" 118
"../../../Roll_A_Ball/Content/StarterContent/Audio/Fire_Sparks01.uasset" 119
"../../../Roll_A_Ball/Content/StarterContent/Audio/Fire_Sparks01_Cue.uasset" 120
"../../../Roll_A_Ball/Content/StarterContent/Audio/Light02.uasset" 121
"../../../Roll_A_Ball/Content/StarterContent/Audio/Smoke01.uasset" 122
"../../../Roll_A_Ball/Content/StarterContent/Audio/Smoke01_Cue.uasset" 123
"../../../Roll_A_Ball/Content/StarterContent/Audio/Starter_Music01.uasset" 124
"../../../Roll_A_Ball/Content/M_Border.uasset" 125
"../../../Engine/Content/MobileResources/HUD/MobileHUDDirectionPad3.uasset" 126
"../../../Engine/Content/EditorResources/EmptyActor.uasset" 127
"../../../Engine/Content/EditorResources/AudioIcons/S_AudioComponent_AutoActivate.uasset" 128
"../../../Engine/Content/MobileResources/HUD/MobileHUDDirectionPad.uasset" 129
"../../../Engine/Content/MobileResources/HUD/T_Castle_ThumbstickInner.uasset" 130
"../../../Engine/Content/MobileResources/HUD/MobileHUDButton2_off.uasset" 131
"../../../Engine/Content/MobileResources/HUD/MobileHUDDirectionStick.uasset" 132
"../../../Roll_A_Ball/Content/StarterContent/Textures/T_Frame_M.uasset" 133
"../../../Roll_A_Ball/Content/StarterContent/Textures/T_Frame_N.uasset" 134
"../../../Roll_A_Ball/Content/StarterContent/Props/Materials/M_Frame.uasset" 135
"../../../Roll_A_Ball/Content/StarterContent/Textures/T_Door_M.uasset" 136
"../../../Roll_A_Ball/Content/StarterContent/Textures/T_Door_N.uasset" 137
"../../../Roll_A_Ball/Content/StarterContent/Props/Materials/M_Door.uasset" 138
"../../../Roll_A_Ball/Content/StarterContent/Textures/T_Chair_M.uasset" 139
"../../../Roll_A_Ball/Content/StarterContent/Textures/T_Chair_N.uasset" 140
"../../../Roll_A_Ball/Content/StarterContent/Props/Materials/M_Chair.uasset" 141
"../../../Roll_A_Ball/Content/StarterContent/Textures/T_Bush_D.uasset" 142
"../../../Roll_A_Ball/Content/StarterContent/Textures/T_Bush_N.uasset" 143
"../../../Roll_A_Ball/Content/StarterContent/Props/Materials/M_Bush.uasset" 144
"../../../Roll_A_Ball/Content/StarterContent/Textures/T_Spark_Core.uasset" 145
"../../../Roll_A_Ball/Content/StarterContent/Particles/Materials/M_Spark.uasset" 146
"../../../Roll_A_Ball/Content/StarterContent/Textures/T_Smoke_SubUV.uasset" 147
"../../../Roll_A_Ball/Content/StarterContent/Textures/T_Smoke_Tiled_D.uasset" 148
"../../../Roll_A_Ball/Content/StarterContent/Particles/Materials/M_smoke_subUV.uasset" 149
"../../../Engine/Content/Functions/Engine_MaterialFunctions01/Gradient/RadialGradient.uasset" 150
"../../../Roll_A_Ball/Content/StarterContent/Particles/Materials/M_radial_ramp.uasset" 151
"../../../Roll_A_Ball/Content/StarterContent/Textures/T_Water_N.uasset" 152
"../../../Roll_A_Ball/Content/StarterContent/Particles/Materials/M_Heat_Distortion.uasset" 153
"../../../Roll_A_Ball/Content/StarterContent/Particles/Materials/m_flare_01.uasset" 154
"../../../Roll_A_Ball/Content/StarterContent/Textures/T_Fire_SubUV.uasset" 155
"../../../Roll_A_Ball/Content/StarterContent/Textures/T_Fire_Tiled_D.uasset" 156
"../../../Roll_A_Ball/Content/StarterContent/Particles/Materials/M_Fire_SubUV.uasset" 157
"../../../Roll_A_Ball/Content/StarterContent/Textures/T_Explosion_SubUV.uasset" 158
"../../../Roll_A_Ball/Content/StarterContent/Particles/Materials/M_explosion_subUV.uasset" 159
"../../../Roll_A_Ball/Content/StarterContent/Textures/T_Dust_Particle_D.uasset" 160
"../../../Roll_A_Ball/Content/StarterContent/Particles/Materials/M_Dust_Particle.uasset" 161
"../../../Roll_A_Ball/Content/StarterContent/Textures/T_Burst_M.uasset" 162
"../../../Roll_A_Ball/Content/StarterContent/Particles/Materials/M_Burst.uasset" 163
"../../../Roll_A_Ball/Content/StarterContent/Materials/M_Glass.uasset" 164
"../../../Roll_A_Ball/Content/StarterContent/Materials/M_Basic_Wall.uasset" 165
"../../../Roll_A_Ball/Content/StarterContent/Materials/M_Basic_Floor.uasset" 166
"../../../Roll_A_Ball/Content/StarterContent/Materials/M_AssetPlatform.uasset" 167
"../../../Roll_A_Ball/Content/StarterContent/Audio/Steam01.uasset" 168
"../../../Roll_A_Ball/Content/StarterContent/Audio/Steam01_Cue.uasset" 169
"../../../Engine/Content/MobileResources/HUD/T_Castle_ThumbstickOutter.uasset" 170
"../../../Engine/Content/MobileResources/HUD/VirtualJoystick_Background.uasset" 171
"../../../Engine/Content/MobileResources/HUD/VirtualJoystick_Thumb.uasset" 172
"../../../Engine/Content/MobileResources/HUD/LeftVirtualJoystickOnly.uasset" 173
"../../../Engine/Content/MobileResources/HUD/DefaultVirtualJoysticks.uasset" 174
"../../../Engine/Content/MobileResources/HUD/AnalogHat.uasset" 175
"../../../Engine/Content/MobileResources/T_MobileMenu2.uasset" 176
"../../../Engine/Content/MobileResources/HUD/MobileHUDButton2_on.uasset" 177
"../../../Roll_A_Ball/Content/StarterContent/Textures/T_Shelf_M.uasset" 178
"../../../Roll_A_Ball/Content/StarterContent/Textures/T_Shelf_N.uasset" 179
"../../../Roll_A_Ball/Content/StarterContent/Props/Materials/M_Shelf.uasset" 180
"../../../Engine/Content/Functions/Engine_MaterialFunctions02/Utility/BlendAngleCorrectedNormals.uasset" 181
"../../../Roll_A_Ball/Content/StarterContent/Textures/T_Detail_Rocky_N.uasset" 182
"../../../Roll_A_Ball/Content/StarterContent/Textures/T_Rock_Basalt_D.uasset" 183
"../../../Roll_A_Ball/Content/StarterContent/Textures/T_RockMesh_M.uasset" 184
"../../../Roll_A_Ball/Content/StarterContent/Textures/T_RockMesh_N.uasset" 185
"../../../Roll_A_Ball/Content/StarterContent/Props/Materials/M_Rock.uasset" 186
"../../../Roll_A_Ball/Content/StarterContent/Props/Materials/M_MaterialSphere_Plain.uasset" 187
"../../../Roll_A_Ball/Content/StarterContent/Props/Materials/M_MaterialSphere.uasset" 188
"../../../Roll_A_Ball/Content/StarterContent/Textures/T_Lamp_M.uasset" 189
"../../../Roll_A_Ball/Content/StarterContent/Textures/T_Lamp_N.uasset" 190
"../../../Roll_A_Ball/Content/StarterContent/Props/Materials/M_Lamp.uasset" 191
"../../../Engine/Content/MobileResources/HUD/MobileHUDDirectionPad2.uasset" 192
"../../../Engine/Content/MobileResources/T_MobileControls_texture.uasset" 193
"../../../Engine/Content/MobileResources/HUD/MobileHUDButtonFire.uasset" 194
"../../../Engine/Content/MobileResources/HUD/MobileHUDButton1_on.uasset" 195
"../../../Engine/Content/MobileResources/HUD/MobileHUDButton1_off.uasset" 196
"../../../Engine/Content/MobileResources/HUD/MobileHUDButton3.uasset" 197
"../../../Roll_A_Ball/Content/StarterContent/Textures/T_TableRound_M.uasset" 198
"../../../Roll_A_Ball/Content/StarterContent/Textures/T_TableRound_N.uasset" 199
"../../../Roll_A_Ball/Content/StarterContent/Props/Materials/M_TableRound.uasset" 200
"../../../Engine/Content/EditorMaterials/PhAT_JointLimitMaterial.uasset" 201
"../../../Engine/Content/EditorMaterials/PreviewShadowIndicator.uasset" 202
"../../../Engine/Content/EditorMaterials/PreviewShadowIndicatorMaterial.uasset" 203
"../../../Engine/Content/EditorMeshes/ColorCalibrator/M_ChromeBall.uasset" 204
"../../../Engine/Content/EditorMeshes/ColorCalibrator/M_ClearCoat.uasset" 205
"../../../Engine/Content/EditorMeshes/ColorCalibrator/M_ClearCoatBlack.uasset" 206
"../../../Engine/Content/EditorMeshes/ColorCalibrator/T_ColorGrid.uasset" 207
"../../../Engine/Content/EditorMeshes/ColorCalibrator/M_ColorGrid.uasset" 208
"../../../Engine/Content/EditorMeshes/ColorCalibrator/M_GreyBall.uasset" 209
"../../../Engine/Content/EditorMeshes/ColorCalibrator/SM_ColorCalibrator.uasset" 210
"../../../Engine/Content/EditorResources/BSPVertex.uasset" 211
"../../../Engine/Content/EngineDebugMaterials/HeatmapGradient.uasset" 212
"../../../Engine/Content/EngineDebugMaterials/BoneWeightMaterial.uasset" 213
"../../../Engine/Content/EngineDebugMaterials/GeomMaterial.uasset" 214
"../../../Engine/Content/EngineMaterials/EditorBrushMaterial.uasset" 215
"../../../Engine/Content/Tutorial/BlueprintTutorials/TutorialAssets/Blueprint_64x.uasset" 216
"../../../Engine/Content/Tutorial/BlueprintTutorials/BlueprintEditorTutorial.uasset" 217
"../../../Engine/Content/Tutorial/BlueprintTutorials/TutorialAssets/BlueprintInterface_64x.uasset" 218
"../../../Engine/Content/Tutorial/BlueprintTutorials/TutorialAssets/Tutorial_BP_Interface.uasset" 219
"../../../Engine/Content/Tutorial/BlueprintTutorials/BlueprintInterfacesEditorOverview.uasset" 220
"../../../Engine/Content/Tutorial/BlueprintTutorials/TutorialAssets/BlueprintMacroLibrary_64x.uasset" 221
"../../../Engine/Content/Tutorial/BlueprintTutorials/TutorialAssets/Tutorial_BP_MacroLib.uasset" 222
"../../../Engine/Content/Tutorial/BlueprintTutorials/BlueprintMacroLibrariesEditorOverview.uasset" 223
"../../../Engine/Content/Tutorial/BlueprintTutorials/LevelBlueprintEditorOverview.uasset" 224
"../../../Engine/Content/Tutorial/Foliage/TutorialAssets/Foliage.uasset" 225
"../../../Engine/Content/Tutorial/Foliage/Foliage_Settings_Tutorial.uasset" 226
"../../../Engine/Content/Tutorial/Foliage/Foliage_Using_The_Tool_Tutorial.uasset" 227
"../../../Engine/Content/Tutorial/Foliage/Foliage_Intro_Tutorial.uasset" 228
"../../../Engine/Content/Tutorial/Landscape/TutorialAssets/Landscape.uasset" 229
"../../../Engine/Content/Tutorial/Landscape/Landscape_Painting_Mode.uasset" 230
"../../../Engine/Content/Tutorial/Landscape/Landscape_Sculpt_Mode.uasset" 231
"../../../Engine/Content/Tutorial/Landscape/Landscape_Manage_Mode.uasset" 232
"../../../Engine/Content/Tutorial/Paper2D/TutorialAssets/Paper2DFlipbook_TutorialIcon.uasset" 233
"../../../Engine/Content/Tutorial/Paper2D/FlipbookEditorTutorial.uasset" 234
"../../../Engine/Content/Tutorial/Paper2D/TutorialAssets/Paper2DSprite_TutorialIcon.uasset" 235
"../../../Engine/Content/Tutorial/Paper2D/SpriteEditorTutorial.uasset" 236
"../../../Engine/Content/EditorMeshes/EditorCube.uasset" 237
"../../../Engine/Content/Tutorial/SubEditors/TutorialAssets/Tutorial_DM.uasset" 238
"../../../Engine/Content/Tutorial/SubEditors/DestructibleMeshEditorTutorial.uasset" 239
"../../../Engine/Content/Tutorial/SubEditors/TutorialAssets/TutorialMaterial.uasset" 240
"../../../Engine/Content/Tutorial/SubEditors/MaterialEditorTutorial.uasset" 241
"../../../Engine/Content/Tutorial/SubEditors/TutorialAssets/T_SmokeSubUV_8X8.uasset" 242
"../../../Engine/Content/Tutorial/SubEditors/TutorialAssets/T_soft_smoke.uasset" 243
"../../../Engine/Content/Tutorial/SubEditors/TutorialAssets/M_smoke_subUV_blackbody.uasset" 244
"../../../Engine/Content/Tutorial/SubEditors/TutorialAssets/TutorialParticleSystem.uasset" 245
"../../../Engine/Content/Tutorial/SubEditors/ParticleSystemEditorTutorial.uasset" 246
"../../../Engine/Content/Tutorial/SubEditors/TutorialAssets/icon_ShowSkeletalMeshes_40x.uasset" 247
"../../../Engine/Content/Tutorial/SubEditors/TutorialAssets/Character/TutorialTPP_Mat.uasset" 248
"../../../Engine/Content/Tutorial/SubEditors/TutorialAssets/Character/TutorialTPP_PhysicsAsset.uasset" 249
"../../../Engine/Content/Tutorial/SubEditors/TutorialAssets/Character/TutorialTPP.uasset" 250
"../../../Engine/Content/Tutorial/SubEditors/TutorialAssets/Character/TutorialTPP_Skeleton.uasset" 251
"../../../Engine/Content/Tutorial/SubEditors/TutorialAssets/Character/Tutorial_Idle.uasset" 252
"../../../Engine/Content/Tutorial/SubEditors/TutorialAssets/Character/Tutorial_Walk_Fwd.uasset" 253
"../../../Engine/Content/Tutorial/SubEditors/TutorialAssets/Character/NewBlendSpace1D.uasset" 254
"../../../Engine/Content/Tutorial/SubEditors/TutorialAssets/Character/TutorialCharacter.uasset" 255
"../../../Engine/Content/Tutorial/SubEditors/TutorialAssets/Character/TutorialTPP_AnimBlueprint.uasset" 256
"../../../Engine/Content/Tutorial/SubEditors/PersonaAnimBlueprintEditorWalkthrough.uasset" 257
"../../../Engine/Content/Tutorial/SubEditors/PersonaAnimEditorWalkthrough.uasset" 258
"../../../Engine/Content/EngineMeshes/Cube.uasset" 259
"../../../Engine/Content/Tutorial/SubEditors/StaticMeshEditorTutorial.uasset" 260
"../../../Engine/Content/Tutorial/SubEditors/TutorialAssets/icon_Editor_Preferences_General_40x.uasset" 261
