"D:/????????/????? ????? (8)/Roll_A_Ball_part01_11100815/Roll_A_Ball/Roll_A_Ball/Roll_A_Ball.uproject" 1
"../../../Engine/Plugins/2D/Paper2D/Paper2D.uplugin" 2
"../../../Engine/Plugins/Blendables/LightPropagationVolume/LightPropagationVolume.uplugin" 3
"../../../Engine/Plugins/Developer/BlankPlugin/BlankPlugin.uplugin" 4
"../../../Engine/Plugins/Developer/CodeLiteSourceCodeAccess/CodeLiteSourceCodeAccess.uplugin" 5
"../../../Engine/Plugins/Developer/GitSourceControl/GitSourceControl.uplugin" 6
"../../../Engine/Plugins/Developer/KDevelopSourceCodeAccess/KDevelopSourceCodeAccess.uplugin" 7
"../../../Engine/Plugins/Developer/NullSourceCodeAccess/NullSourceCodeAccess.uplugin" 8
"../../../Engine/Plugins/Developer/OneSkyLocalizationService/OneSkyLocalizationService.uplugin" 9
"../../../Engine/Plugins/Developer/PerforceSourceControl/PerforceSourceControl.uplugin" 10
"../../../Engine/Plugins/Developer/SubversionSourceControl/SubversionSourceControl.uplugin" 11
"../../../Engine/Plugins/Developer/UObjectPlugin/UObjectPlugin.uplugin" 12
"../../../Engine/Plugins/Developer/VisualStudioSourceCodeAccess/VisualStudioSourceCodeAccess.uplugin" 13
"../../../Engine/Plugins/Developer/XCodeSourceCodeAccess/XCodeSourceCodeAccess.uplugin" 14
"../../../Engine/Plugins/Editor/EpicSurvey/EpicSurvey.uplugin" 15
"../../../Engine/Plugins/Editor/MacGraphicsSwitching/MacGraphicsSwitching.uplugin" 16
"../../../Engine/Plugins/Editor/PluginBrowser/PluginBrowser.uplugin" 17
"../../../Engine/Plugins/Editor/SpeedTreeImporter/SpeedTreeImporter.uplugin" 18
"../../../Engine/Plugins/Experimental/BlueprintStats/BlueprintStats.uplugin" 19
"../../../Engine/Plugins/Experimental/CharacterAI/CharacterAI.uplugin" 20
"../../../Engine/Plugins/Experimental/CodeEditor/CodeEditor.uplugin" 21
"../../../Engine/Plugins/Experimental/CodeView/CodeView.uplugin" 22
"../../../Engine/Plugins/Experimental/HTML5Networking/HTML5Networking.uplugin" 23
"../../../Engine/Plugins/Experimental/LiveEditor/LiveEditor.uplugin" 24
"../../../Engine/Plugins/Experimental/Phya/Phya.uplugin" 25
"../../../Engine/Plugins/Experimental/SimpleHMD/SimpleHMD.uplugin" 26
"../../../Engine/Plugins/Experimental/StructBox/StructBox.uplugin" 27
"../../../Engine/Plugins/Media/AndroidMedia/AndroidMedia.uplugin" 28
"../../../Engine/Plugins/Media/AvfMedia/AvfMedia.uplugin" 29
"../../../Engine/Plugins/Media/MediaPlayerEditor/MediaPlayerEditor.uplugin" 30
"../../../Engine/Plugins/Media/WmfMedia/WmfMedia.uplugin" 31
"../../../Engine/Plugins/Messaging/MessagingDebugger/MessagingDebugger.uplugin" 32
"../../../Engine/Plugins/Messaging/UdpMessaging/UdpMessaging.uplugin" 33
"../../../Engine/Plugins/MovieScene/LevelSequenceEditor/LevelSequenceEditor.uplugin" 34
"../../../Engine/Plugins/NetcodeUnitTest/NetcodeUnitTest/NetcodeUnitTest.uplugin" 35
"../../../Engine/Plugins/NetcodeUnitTest/NUTUnrealEngine4/NUTUnrealEngine4.uplugin" 36
"../../../Engine/Plugins/Runtime/Advertising/IOSTapJoy/IOSTapJoy.uplugin" 37
"../../../Engine/Plugins/Runtime/Analytics/AnalyticsBlueprintLibrary/AnalyticsBlueprintLibrary.uplugin" 38
"../../../Engine/Plugins/Runtime/Analytics/AnalyticsMulticast/AnalyticsMulticast.uplugin" 39
"../../../Engine/Plugins/Runtime/Analytics/Apsalar/IOSApsalar/IOSApsalar.uplugin" 40
"../../../Engine/Plugins/Runtime/Analytics/FileLogging/FileLogging.uplugin" 41
"../../../Engine/Plugins/Runtime/Analytics/Flurry/IOSFlurry/IOSFlurry.uplugin" 42
"../../../Engine/Plugins/Runtime/AndroidDeviceProfileSelector/AndroidDeviceProfileSelector.uplugin" 43
"../../../Engine/Plugins/Runtime/AndroidMoviePlayer/AndroidMoviePlayer.uplugin" 44
"../../../Engine/Plugins/Runtime/AppleMoviePlayer/AppleMoviePlayer.uplugin" 45
"../../../Engine/Plugins/Runtime/ArchVisCharacter/ArchVisCharacter.uplugin" 46
"../../../Engine/Plugins/Runtime/CableComponent/CableComponent.uplugin" 47
"../../../Engine/Plugins/Runtime/CustomMeshComponent/CustomMeshComponent.uplugin" 48
"../../../Engine/Plugins/Runtime/ExampleDeviceProfileSelector/ExampleDeviceProfileSelector.uplugin" 49
"../../../Engine/Plugins/Runtime/GearVR/GearVR.uplugin" 50
"../../../Engine/Plugins/Runtime/IOSDeviceProfileSelector/IOSDeviceProfileSelector.uplugin" 51
"../../../Engine/Plugins/Runtime/LeapMotionController/LeapMotionController.uplugin" 52
"../../../Engine/Plugins/Runtime/LinuxDeviceProfileSelector/LinuxDeviceProfileSelector.uplugin" 53
"../../../Engine/Plugins/Runtime/LiveEditorListenServer/LiveEditorListenServer.uplugin" 54
"../../../Engine/Plugins/Runtime/OculusAudio/OculusAudio.uplugin" 55
"../../../Engine/Plugins/Runtime/OculusInput/OculusInput.uplugin" 56
"../../../Engine/Plugins/Runtime/OculusLibrary/OculusLibrary.uplugin" 57
"../../../Engine/Plugins/Runtime/OculusRift/OculusRift.uplugin" 58
"../../../Engine/Plugins/Runtime/ProceduralMeshComponent/ProceduralMeshComponent.uplugin" 59
"../../../Engine/Plugins/Runtime/SoundMod/SoundMod.uplugin" 60
"../../../Engine/Plugins/Runtime/SoundVisualizations/SoundVisualizations.uplugin" 61
"../../../Engine/Plugins/Runtime/Steam/SteamController/SteamController.uplugin" 62
"../../../Engine/Plugins/Runtime/Steam/SteamVR/SteamVR.uplugin" 63
"../../../Engine/Plugins/Runtime/WebBrowserWidget/WebBrowserWidget.uplugin" 64
"../../../Engine/Plugins/Runtime/WindowsDeviceProfileSelector/WindowsDeviceProfileSelector.uplugin" 65
"../../../Engine/Plugins/Runtime/WindowsMoviePlayer/WindowsMoviePlayer.uplugin" 66
"../../../Engine/Plugins/ScriptGeneratorPlugin/ScriptGeneratorPlugin.uplugin" 67
"../../../Engine/Plugins/ScriptPlugin/ScriptPlugin.uplugin" 68
"../../../Engine/Plugins/Slate/SlateRemote/SlateRemote.uplugin" 69
"..\..\..\Engine\Content\Internationalization\icudt53l\cnvalias.icu" 70
"..\..\..\Engine\Content\Internationalization\icudt53l\en_US_POSIX.res" 71
"..\..\..\Engine\Content\Internationalization\icudt53l\pool.res" 72
"..\..\..\Engine\Content\Internationalization\icudt53l\en_US.res" 73
"..\..\..\Engine\Content\Internationalization\icudt53l\en.res" 74
"..\..\..\Engine\Content\Internationalization\icudt53l\root.res" 75
"..\..\..\Engine\Content\Internationalization\icudt53l\ru_RU.res" 76
"..\..\..\Engine\Content\Internationalization\icudt53l\ru.res" 77
"C:/Users/mikaa/AppData/Local/UnrealEngine/4.10/Saved/Config/Windows/Manifest.ini" 78
"../../../Engine/Config/Base.ini" 79
"../../../Engine/Config/BaseEngine.ini" 80
"D:/????????/????? ????? (8)/Roll_A_Ball_part01_11100815/Roll_A_Ball/Roll_A_Ball/Config/DefaultEngine.ini" 81
"../../../Engine/Config/Windows/WindowsEngine.ini" 82
"D:/????????/????? ????? (8)/Roll_A_Ball_part01_11100815/Roll_A_Ball/Roll_A_Ball/Saved/Config/Windows/Engine.ini" 83
"../../../../../../????????/????? ????? (8)/Roll_A_Ball_part01_11100815/Roll_A_Ball/Roll_A_Ball/Intermediate/Config/CoalescedSourceConfigs/Engine.ini" 84
"../../../Engine/Config/BaseGame.ini" 85
"D:/????????/????? ????? (8)/Roll_A_Ball_part01_11100815/Roll_A_Ball/Roll_A_Ball/Config/DefaultGame.ini" 86
"D:/????????/????? ????? (8)/Roll_A_Ball_part01_11100815/Roll_A_Ball/Roll_A_Ball/Saved/Config/Windows/Game.ini" 87
"../../../../../../????????/????? ????? (8)/Roll_A_Ball_part01_11100815/Roll_A_Ball/Roll_A_Ball/Intermediate/Config/CoalescedSourceConfigs/Game.ini" 88
"../../../Engine/Config/BaseInput.ini" 89
"D:/????????/????? ????? (8)/Roll_A_Ball_part01_11100815/Roll_A_Ball/Roll_A_Ball/Config/DefaultInput.ini" 90
"D:/????????/????? ????? (8)/Roll_A_Ball_part01_11100815/Roll_A_Ball/Roll_A_Ball/Saved/Config/Windows/Input.ini" 91
"../../../../../../????????/????? ????? (8)/Roll_A_Ball_part01_11100815/Roll_A_Ball/Roll_A_Ball/Intermediate/Config/CoalescedSourceConfigs/Input.ini" 92
"../../../Engine/Config/BaseEditor.ini" 93
"D:/????????/????? ????? (8)/Roll_A_Ball_part01_11100815/Roll_A_Ball/Roll_A_Ball/Config/DefaultEditor.ini" 94
"D:/????????/????? ????? (8)/Roll_A_Ball_part01_11100815/Roll_A_Ball/Roll_A_Ball/Saved/Config/Windows/Editor.ini" 95
"../../../../../../????????/????? ????? (8)/Roll_A_Ball_part01_11100815/Roll_A_Ball/Roll_A_Ball/Intermediate/Config/CoalescedSourceConfigs/Editor.ini" 96
"../../../Engine/Config/BaseEditorPerProjectUserSettings.ini" 97
"D:/????????/????? ????? (8)/Roll_A_Ball_part01_11100815/Roll_A_Ball/Roll_A_Ball/Saved/Config/Windows/EditorPerProjectUserSettings.ini" 98
"../../../../../../????????/????? ????? (8)/Roll_A_Ball_part01_11100815/Roll_A_Ball/Roll_A_Ball/Intermediate/Config/CoalescedSourceConfigs/EditorPerProjectUserSettings.ini" 99
"../../../Engine/Config/BaseEditorSettings.ini" 100
"C:/Users/mikaa/AppData/Local/UnrealEngine/4.10/Saved/Config/Windows/EditorSettings.ini" 101
"../../../../../../????????/????? ????? (8)/Roll_A_Ball_part01_11100815/Roll_A_Ball/Roll_A_Ball/Intermediate/Config/CoalescedSourceConfigs/EditorSettings.ini" 102
"../../../Engine/Config/BaseEditorLayout.ini" 103
"C:/Users/mikaa/AppData/Local/UnrealEngine/4.10/Saved/Config/Windows/EditorLayout.ini" 104
"../../../../../../????????/????? ????? (8)/Roll_A_Ball_part01_11100815/Roll_A_Ball/Roll_A_Ball/Intermediate/Config/CoalescedSourceConfigs/EditorLayout.ini" 105
"../../../Engine/Config/BaseEditorKeyBindings.ini" 106
"C:/Users/mikaa/AppData/Local/UnrealEngine/4.10/Saved/Config/Windows/EditorKeyBindings.ini" 107
"../../../../../../????????/????? ????? (8)/Roll_A_Ball_part01_11100815/Roll_A_Ball/Roll_A_Ball/Intermediate/Config/CoalescedSourceConfigs/EditorKeyBindings.ini" 108
"../../../Engine/Config/BaseCompat.ini" 109
"D:/????????/????? ????? (8)/Roll_A_Ball_part01_11100815/Roll_A_Ball/Roll_A_Ball/Saved/Config/Windows/Compat.ini" 110
"../../../../../../????????/????? ????? (8)/Roll_A_Ball_part01_11100815/Roll_A_Ball/Roll_A_Ball/Intermediate/Config/CoalescedSourceConfigs/Compat.ini" 111
"../../../Engine/Config/BaseLightmass.ini" 112
"D:/????????/????? ????? (8)/Roll_A_Ball_part01_11100815/Roll_A_Ball/Roll_A_Ball/Saved/Config/Windows/Lightmass.ini" 113
"../../../../../../????????/????? ????? (8)/Roll_A_Ball_part01_11100815/Roll_A_Ball/Roll_A_Ball/Intermediate/Config/CoalescedSourceConfigs/Lightmass.ini" 114
"../../../Engine/Config/BaseScalability.ini" 115
"D:/????????/????? ????? (8)/Roll_A_Ball_part01_11100815/Roll_A_Ball/Roll_A_Ball/Saved/Config/Windows/Scalability.ini" 116
"../../../../../../????????/????? ????? (8)/Roll_A_Ball_part01_11100815/Roll_A_Ball/Roll_A_Ball/Intermediate/Config/CoalescedSourceConfigs/Scalability.ini" 117
"D:/????????/????? ????? (8)/Roll_A_Ball_part01_11100815/Roll_A_Ball/Roll_A_Ball/Saved/Config/Windows/GameUserSettings.ini" 118
"../../../../../../????????/????? ????? (8)/Roll_A_Ball_part01_11100815/Roll_A_Ball/Roll_A_Ball/Intermediate/Config/CoalescedSourceConfigs/GameUserSettings.ini" 119
"../../../Engine/Config/BaseDeviceProfiles.ini" 120
"D:/????????/????? ????? (8)/Roll_A_Ball_part01_11100815/Roll_A_Ball/Roll_A_Ball/Saved/Config/Windows/DeviceProfiles.ini" 121
"../../../../../../????????/????? ????? (8)/Roll_A_Ball_part01_11100815/Roll_A_Ball/Roll_A_Ball/Intermediate/Config/CoalescedSourceConfigs/DeviceProfiles.ini" 122
"../../../Engine/Config/ConsoleVariables.ini" 123
"..\..\..\Engine\Content\Internationalization\icudt53l\es.res" 124
"..\..\..\Engine\Content\Internationalization\icudt53l\ja.res" 125
"..\..\..\Engine\Content\Internationalization\icudt53l\ko.res" 126
"..\..\..\Engine\Content\Internationalization\icudt53l\pt_BR.res" 127
"..\..\..\Engine\Content\Internationalization\icudt53l\pt.res" 128
"..\..\..\Engine\Content\Internationalization\icudt53l\zh_CN.res" 129
"..\..\..\Engine\Content\Internationalization\icudt53l\zh_Hans_CN.res" 130
"..\..\..\Engine\Content\Internationalization\icudt53l\zh_Hans.res" 131
"..\..\..\Engine\Content\Internationalization\icudt53l\zh.res" 132
"D:/Program Files/Epic games/UE_4.10/Engine/Content/Localization/Engine/en/Engine.locres" 133
"D:/Program Files/Epic games/UE_4.10/Engine/Content/Localization/Editor/en/Editor.locres" 134
"D:/Program Files/Epic games/UE_4.10/Engine/Content/Localization/EditorTutorials/en/EditorTutorials.locres" 135
"D:/Program Files/Epic games/UE_4.10/Engine/Content/Localization/Keywords/en/Keywords.locres" 136
"D:/Program Files/Epic games/UE_4.10/Engine/Content/Localization/Category/en/Category.locres" 137
"D:/Program Files/Epic games/UE_4.10/Engine/Content/Localization/ToolTips/en/ToolTips.locres" 138
"D:/Program Files/Epic games/UE_4.10/Engine/Content/Localization/PropertyNames/en/PropertyNames.locres" 139
"../../../Engine/Content/Slate/Fonts/Roboto-Regular.ttf" 140
"../../../Engine/Content/Slate/Fonts/DroidSansMono.ttf" 141
"../../../Engine/Content/Slate/Fonts/Roboto-Bold.ttf" 142
"../../../Engine/Content/Slate/Fonts/Roboto-Light.ttf" 143
"D:/Program Files/Epic games/UE_4.10/Engine/Binaries/Win64/../../../Engine/Shaders/ParticleSpriteVertexFactory.usf" 144
"D:/Program Files/Epic games/UE_4.10/Engine/Binaries/Win64/../../../Engine/Shaders/VertexFactoryCommon.usf" 145
"D:/Program Files/Epic games/UE_4.10/Engine/Binaries/Win64/../../../Engine/Shaders/Common.usf" 146
"D:/Program Files/Epic games/UE_4.10/Engine/Binaries/Win64/../../../Engine/Shaders/MetalCommon.usf" 147
"D:/Program Files/Epic games/UE_4.10/Engine/Binaries/Win64/../../../Engine/Shaders/ShaderVersion.usf" 148
"D:/Program Files/Epic games/UE_4.10/Engine/Binaries/Win64/../../../Engine/Shaders/CommonViewUniformBuffer.usf" 149
"D:/Program Files/Epic games/UE_4.10/Engine/Binaries/Win64/../../../Engine/Shaders/Definitions.usf" 150
"D:/Program Files/Epic games/UE_4.10/Engine/Binaries/Win64/../../../Engine/Shaders/Random.usf" 151
"D:/Program Files/Epic games/UE_4.10/Engine/Binaries/Win64/../../../Engine/Shaders/ParticleVertexFactoryCommon.usf" 152
"D:/Program Files/Epic games/UE_4.10/Engine/Binaries/Win64/../../../Engine/Shaders/ParticleGPUSpriteVertexFactory.usf" 153
"D:/Program Files/Epic games/UE_4.10/Engine/Binaries/Win64/../../../Engine/Shaders/ParticleBeamTrailVertexFactory.usf" 154
"D:/Program Files/Epic games/UE_4.10/Engine/Binaries/Win64/../../../Engine/Shaders/LocalVertexFactory.usf" 155
"D:/Program Files/Epic games/UE_4.10/Engine/Binaries/Win64/../../../Engine/Shaders/LocalVertexFactoryCommon.usf" 156
"D:/Program Files/Epic games/UE_4.10/Engine/Binaries/Win64/../../../Engine/Shaders/VectorFieldVisualizationVertexFactory.usf" 157
"D:/Program Files/Epic games/UE_4.10/Engine/Binaries/Win64/../../../Engine/Shaders/MeshParticleVertexFactory.usf" 158
"D:/Program Files/Epic games/UE_4.10/Engine/Binaries/Win64/../../../Engine/Shaders/GpuSkinVertexFactory.usf" 159
"D:/Program Files/Epic games/UE_4.10/Engine/Binaries/Win64/../../../Engine/Shaders/GpuSkinCacheCommon.usf" 160
"D:/Program Files/Epic games/UE_4.10/Engine/Binaries/Win64/../../../Engine/Shaders/LandscapeVertexFactory.usf" 161
"D:/Program Files/Epic games/UE_4.10/Engine/Binaries/Win64/../../../Engine/Shaders/SlateElementPixelShader.usf" 162
"D:/Program Files/Epic games/UE_4.10/Engine/Binaries/Win64/../../../Engine/Shaders/GammaCorrectionCommon.usf" 163
"D:/Program Files/Epic games/UE_4.10/Engine/Binaries/Win64/../../../Engine/Shaders/MaterialTemplate.usf" 164
"D:/Program Files/Epic games/UE_4.10/Engine/Binaries/Win64/../../../Engine/Shaders/DepthOfFieldCommon.usf" 165
"D:/Program Files/Epic games/UE_4.10/Engine/Binaries/Win64/../../../Engine/Shaders/GlobalDistanceFieldShared.usf" 166
"D:/Program Files/Epic games/UE_4.10/Engine/Binaries/Win64/../../../Engine/Shaders/SpeedTreeCommon.usf" 167
"D:/Program Files/Epic games/UE_4.10/Engine/Binaries/Win64/../../../Engine/Shaders/AtmosphereCommon.usf" 168
"D:/Program Files/Epic games/UE_4.10/Engine/Binaries/Win64/../../../Engine/Shaders/PaniniProjection.usf" 169
"D:/Program Files/Epic games/UE_4.10/Engine/Binaries/Win64/../../../Engine/Shaders/EyeAdaptationCommon.usf" 170
"D:/Program Files/Epic games/UE_4.10/Engine/Binaries/Win64/../../../Engine/Shaders/PostProcessCommon.usf" 171
"D:/Program Files/Epic games/UE_4.10/Engine/Binaries/Win64/../../../Engine/Shaders/DeferredShadingCommon.usf" 172
"D:/Program Files/Epic games/UE_4.10/Engine/Binaries/Win64/../../../Engine/Shaders/LightAccumulator.usf" 173
"D:/Program Files/Epic games/UE_4.10/Engine/Binaries/Win64/../../../Engine/Shaders/SlateVertexShader.usf" 174
"D:/Program Files/Epic games/UE_4.10/Engine/Binaries/Win64/../../../Engine/Shaders/ParticleSortKeyGen.usf" 175
"D:/Program Files/Epic games/UE_4.10/Engine/Binaries/Win64/../../../Engine/Shaders/ParticleBoundsShader.usf" 176
"D:/Program Files/Epic games/UE_4.10/Engine/Binaries/Win64/../../../Engine/Shaders/ParticleSimVisualizeShader.usf" 177
"D:/Program Files/Epic games/UE_4.10/Engine/Binaries/Win64/../../../Engine/Shaders/ParticleInjectionShader.usf" 178
"D:/Program Files/Epic games/UE_4.10/Engine/Binaries/Win64/../../../Engine/Shaders/ParticleSimulationShader.usf" 179
"D:/Program Files/Epic games/UE_4.10/Engine/Binaries/Win64/../../../Engine/Shaders/ParticleCurveInjectionShader.usf" 180
"D:/Program Files/Epic games/UE_4.10/Engine/Binaries/Win64/../../../Engine/Shaders/VectorFieldCompositeShaders.usf" 181
"D:/Program Files/Epic games/UE_4.10/Engine/Binaries/Win64/../../../Engine/Shaders/UpdateTextureShaders.usf" 182
"D:/Program Files/Epic games/UE_4.10/Engine/Binaries/Win64/../../../Engine/Shaders/SimpleElementColorChannelMaskPixelShader.usf" 183
"D:/Program Files/Epic games/UE_4.10/Engine/Binaries/Win64/../../../Engine/Shaders/SimpleElementPixelShader.usf" 184
"D:/Program Files/Epic games/UE_4.10/Engine/Binaries/Win64/../../../Engine/Shaders/ColorUtils.usf" 185
"D:/Program Files/Epic games/UE_4.10/Engine/Binaries/Win64/../../../Engine/Shaders/IESLightProfilesCommon.usf" 186
"D:/Program Files/Epic games/UE_4.10/Engine/Binaries/Win64/../../../Engine/Shaders/SimpleElementHitProxyPixelShader.usf" 187
"D:/Program Files/Epic games/UE_4.10/Engine/Binaries/Win64/../../../Engine/Shaders/SimpleElementVertexShader.usf" 188
"D:/Program Files/Epic games/UE_4.10/Engine/Binaries/Win64/../../../Engine/Shaders/ScreenVertexShader.usf" 189
"D:/Program Files/Epic games/UE_4.10/Engine/Binaries/Win64/../../../Engine/Shaders/ScreenPixelShader.usf" 190
"D:/Program Files/Epic games/UE_4.10/Engine/Binaries/Win64/../../../Engine/Shaders/RadixSortShaders.usf" 191
"D:/Program Files/Epic games/UE_4.10/Engine/Binaries/Win64/../../../Engine/Shaders/GpuSkinCacheComputeShader.usf" 192
"D:/Program Files/Epic games/UE_4.10/Engine/Binaries/Win64/../../../Engine/Shaders/NullPixelShader.usf" 193
"D:/Program Files/Epic games/UE_4.10/Engine/Binaries/Win64/../../../Engine/Shaders/LandscapeGrassWeight.usf" 194
"D:/Program Files/Epic games/UE_4.10/Engine/Binaries/Win64/../../../Engine/Shaders/VisualizeTexture.usf" 195
"D:/Program Files/Epic games/UE_4.10/Engine/Binaries/Win64/../../../Engine/Shaders/ScreenSpaceReflections.usf" 196
"D:/Program Files/Epic games/UE_4.10/Engine/Binaries/Win64/../../../Engine/Shaders/BRDF.usf" 197
"D:/Program Files/Epic games/UE_4.10/Engine/Binaries/Win64/../../../Engine/Shaders/MonteCarlo.usf" 198
"D:/Program Files/Epic games/UE_4.10/Engine/Binaries/Win64/../../../Engine/Shaders/ScreenSpaceRayCast.usf" 199
"D:/Program Files/Epic games/UE_4.10/Engine/Binaries/Win64/../../../Engine/Shaders/FilterVertexShader.usf" 200
"D:/Program Files/Epic games/UE_4.10/Engine/Binaries/Win64/../../../Engine/Shaders/FilterPixelShader.usf" 201
"D:/Program Files/Epic games/UE_4.10/Engine/Binaries/Win64/../../../Engine/Shaders/PostProcessVisualizeHDR.usf" 202
"D:/Program Files/Epic games/UE_4.10/Engine/Binaries/Win64/../../../Engine/Shaders/PostProcessHistogramCommon.usf" 203
"D:/Program Files/Epic games/UE_4.10/Engine/Binaries/Win64/../../../Engine/Shaders/TonemapCommon.usf" 204
"D:/Program Files/Epic games/UE_4.10/Engine/Binaries/Win64/../../../Engine/Shaders/ACES.usf" 205
"D:/Program Files/Epic games/UE_4.10/Engine/Binaries/Win64/../../../Engine/Shaders/MiniFontCommon.usf" 206
"D:/Program Files/Epic games/UE_4.10/Engine/Binaries/Win64/../../../Engine/Shaders/PostProcessVisualizeBuffer.usf" 207
"D:/Program Files/Epic games/UE_4.10/Engine/Binaries/Win64/../../../Engine/Shaders/PostProcessUpscale.usf" 208
"D:/Program Files/Epic games/UE_4.10/Engine/Binaries/Win64/../../../Engine/Shaders/PostProcessTonemap.usf" 209
"D:/Program Files/Epic games/UE_4.10/Engine/Binaries/Win64/../../../Engine/Shaders/PostProcessTestImage.usf" 210
"D:/Program Files/Epic games/UE_4.10/Engine/Binaries/Win64/../../../Engine/Shaders/PostProcessTemporalAA.usf" 211
"D:/Program Files/Epic games/UE_4.10/Engine/Binaries/Win64/../../../Engine/Shaders/PostProcessTemporalCommon.usf" 212
"D:/Program Files/Epic games/UE_4.10/Engine/Binaries/Win64/../../../Engine/Shaders/PostProcessSubsurface.usf" 213
"D:/Program Files/Epic games/UE_4.10/Engine/Binaries/Win64/../../../Engine/Shaders/SeparableSSS.usf" 214
"D:/Program Files/Epic games/UE_4.10/Engine/Binaries/Win64/../../../Engine/Shaders/PostProcessSelectionOutline.usf" 215
"D:/Program Files/Epic games/UE_4.10/Engine/Binaries/Win64/../../../Engine/Shaders/PostProcessSceneColorFringe.usf" 216
"D:/Program Files/Epic games/UE_4.10/Engine/Binaries/Win64/../../../Engine/Shaders/PostProcessNoiseBlur.usf" 217
"D:/Program Files/Epic games/UE_4.10/Engine/Binaries/Win64/../../../Engine/Shaders/PostProcessMotionBlur.usf" 218
"D:/Program Files/Epic games/UE_4.10/Engine/Binaries/Win64/../../../Engine/Shaders/FastMath.usf" 219
"D:/Program Files/Epic games/UE_4.10/Engine/Binaries/Win64/../../../Engine/Shaders/PostProcessVelocityFlatten.usf" 220
"D:/Program Files/Epic games/UE_4.10/Engine/Binaries/Win64/../../../Engine/Shaders/PostProcessMobile.usf" 221
"D:/Program Files/Epic games/UE_4.10/Engine/Binaries/Win64/../../../Engine/Shaders/PostProcessMaterialShaders.usf" 222
"D:/Program Files/Epic games/UE_4.10/Engine/Binaries/Win64/../../../Engine/Shaders/PostProcessLensFlares.usf" 223
"D:/Program Files/Epic games/UE_4.10/Engine/Binaries/Win64/../../../Engine/Shaders/PostProcessLensBlur.usf" 224
"D:/Program Files/Epic games/UE_4.10/Engine/Binaries/Win64/../../../Engine/Shaders/PostProcessBloom.usf" 225
"D:/Program Files/Epic games/UE_4.10/Engine/Binaries/Win64/../../../Engine/Shaders/PostProcessHMD.usf" 226
"D:/Program Files/Epic games/UE_4.10/Engine/Binaries/Win64/../../../Engine/Shaders/PostProcessHistogramReduce.usf" 227
"D:/Program Files/Epic games/UE_4.10/Engine/Binaries/Win64/../../../Engine/Shaders/PostProcessHistogram.usf" 228
"D:/Program Files/Epic games/UE_4.10/Engine/Binaries/Win64/../../../Engine/Shaders/PostProcessHierarchical.usf" 229
"D:/Program Files/Epic games/UE_4.10/Engine/Binaries/Win64/../../../Engine/Shaders/PostProcessGBufferHints.usf" 230
"D:/Program Files/Epic games/UE_4.10/Engine/Binaries/Win64/../../../Engine/Shaders/PostProcessEyeAdaptation.usf" 231
"D:/Program Files/Epic games/UE_4.10/Engine/Binaries/Win64/../../../Engine/Shaders/PostProcessDownsample.usf" 232
"D:/Program Files/Epic games/UE_4.10/Engine/Binaries/Win64/../../../Engine/Shaders/PostProcessDOF.usf" 233
"D:/Program Files/Epic games/UE_4.10/Engine/Binaries/Win64/../../../Engine/Shaders/PostProcessCompositeEditorPrimitives.usf" 234
"D:/Program Files/Epic games/UE_4.10/Engine/Binaries/Win64/../../../Engine/Shaders/PostProcessCombineLUTs.usf" 235
"D:/Program Files/Epic games/UE_4.10/Engine/Binaries/Win64/../../../Engine/Shaders/PostProcessCircleDOF.usf" 236
"D:/Program Files/Epic games/UE_4.10/Engine/Binaries/Win64/../../../Engine/Shaders/CircleDOFCommon.usf" 237
"D:/Program Files/Epic games/UE_4.10/Engine/Binaries/Win64/../../../Engine/Shaders/PostProcessBusyWait.usf" 238
"D:/Program Files/Epic games/UE_4.10/Engine/Binaries/Win64/../../../Engine/Shaders/PostProcessBokehDOF.usf" 239
"D:/Program Files/Epic games/UE_4.10/Engine/Binaries/Win64/../../../Engine/Shaders/PostProcessVisualizeDOF.usf" 240
"D:/Program Files/Epic games/UE_4.10/Engine/Binaries/Win64/../../../Engine/Shaders/FXAAShader.usf" 241
"D:/Program Files/Epic games/UE_4.10/Engine/Binaries/Win64/../../../Engine/Shaders/Fxaa3_11.usf" 242
"D:/Program Files/Epic games/UE_4.10/Engine/Binaries/Win64/../../../Engine/Shaders/PostProcessPassThrough.usf" 243
"D:/Program Files/Epic games/UE_4.10/Engine/Binaries/Win64/../../../Engine/Shaders/PostProcessLpvIndirect.usf" 244
"D:/Program Files/Epic games/UE_4.10/Engine/Binaries/Win64/../../../Engine/Shaders/DeferredLightingCommon.usf" 245
"D:/Program Files/Epic games/UE_4.10/Engine/Binaries/Win64/../../../Engine/Shaders/DynamicLightingCommon.usf" 246
"D:/Program Files/Epic games/UE_4.10/Engine/Binaries/Win64/../../../Engine/Shaders/ShadingModels.usf" 247
"D:/Program Files/Epic games/UE_4.10/Engine/Binaries/Win64/../../../Engine/Shaders/LPVFinalPass.usf" 248
"D:/Program Files/Epic games/UE_4.10/Engine/Binaries/Win64/../../../Engine/Shaders/LPVCommon.usf" 249
"D:/Program Files/Epic games/UE_4.10/Engine/Binaries/Win64/../../../Engine/Shaders/DeferredDecal.usf" 250
"D:/Program Files/Epic games/UE_4.10/Engine/Binaries/Win64/../../../Engine/Shaders/PostProcessAmbientOcclusion.usf" 251
"D:/Program Files/Epic games/UE_4.10/Engine/Binaries/Win64/../../../Engine/Shaders/PostProcessAmbient.usf" 252
"D:/Program Files/Epic games/UE_4.10/Engine/Binaries/Win64/../../../Engine/Shaders/CubemapCommon.usf" 253
"D:/Program Files/Epic games/UE_4.10/Engine/Binaries/Win64/../../../Engine/Shaders/VelocityShader.usf" 254
"D:/Program Files/Epic games/UE_4.10/Engine/Binaries/Win64/../../../Engine/Shaders/VelocityCommon.usf" 255
"D:/Program Files/Epic games/UE_4.10/Engine/Binaries/Win64/../../../Engine/Shaders/Tessellation.usf" 256
"D:/Program Files/Epic games/UE_4.10/Engine/Binaries/Win64/../../../Engine/Shaders/FlatTessellation.usf" 257
"D:/Program Files/Epic games/UE_4.10/Engine/Binaries/Win64/../../../Engine/Shaders/PNTriangles.usf" 258
"D:/Program Files/Epic games/UE_4.10/Engine/Binaries/Win64/../../../Engine/Shaders/TranslucentLightingShaders.usf" 259
"D:/Program Files/Epic games/UE_4.10/Engine/Binaries/Win64/../../../Engine/Shaders/SHCommon.usf" 260
"D:/Program Files/Epic games/UE_4.10/Engine/Binaries/Win64/../../../Engine/Shaders/ShadowProjectionCommon.usf" 261
"D:/Program Files/Epic games/UE_4.10/Engine/Binaries/Win64/../../../Engine/Shaders/TranslucentLightInjectionShaders.usf" 262
"D:/Program Files/Epic games/UE_4.10/Engine/Binaries/Win64/../../../Engine/Shaders/LightFunctionCommon.usf" 263
"D:/Program Files/Epic games/UE_4.10/Engine/Binaries/Win64/../../../Engine/Shaders/TranslucentShadowDepthShaders.usf" 264
"D:/Program Files/Epic games/UE_4.10/Engine/Binaries/Win64/../../../Engine/Shaders/ShadowDepthCommon.usf" 265
"D:/Program Files/Epic games/UE_4.10/Engine/Binaries/Win64/../../../Engine/Shaders/TiledDeferredLightShaders.usf" 266
"D:/Program Files/Epic games/UE_4.10/Engine/Binaries/Win64/../../../Engine/Shaders/SurfelTree.usf" 267
"D:/Program Files/Epic games/UE_4.10/Engine/Binaries/Win64/../../../Engine/Shaders/DistanceFieldLightingShared.usf" 268
"D:/Program Files/Epic games/UE_4.10/Engine/Binaries/Win64/../../../Engine/Shaders/SurfelMaterialShared.usf" 269
"D:/Program Files/Epic games/UE_4.10/Engine/Binaries/Win64/../../../Engine/Shaders/DistanceFieldAOShared.usf" 270
"D:/Program Files/Epic games/UE_4.10/Engine/Binaries/Win64/../../../Engine/Shaders/ShadowProjectionPixelShader.usf" 271
"D:/Program Files/Epic games/UE_4.10/Engine/Binaries/Win64/../../../Engine/Shaders/ShadowFilteringCommon.usf" 272
"D:/Program Files/Epic games/UE_4.10/Engine/Binaries/Win64/../../../Engine/Shaders/ShadowProjectionVertexShader.usf" 273
"D:/Program Files/Epic games/UE_4.10/Engine/Binaries/Win64/../../../Engine/Shaders/ShadowDepthPixelShader.usf" 274
"D:/Program Files/Epic games/UE_4.10/Engine/Binaries/Win64/../../../Engine/Shaders/LPVWriteVplCommon.usf" 275
"D:/Program Files/Epic games/UE_4.10/Engine/Binaries/Win64/../../../Engine/Shaders/LPVWriteCommon.usf" 276
"D:/Program Files/Epic games/UE_4.10/Engine/Binaries/Win64/../../../Engine/Shaders/ShadowDepthVertexShader.usf" 277
"D:/Program Files/Epic games/UE_4.10/Engine/Binaries/Win64/../../../Engine/Shaders/ShaderComplexityApplyPixelShader.usf" 278
"D:/Program Files/Epic games/UE_4.10/Engine/Binaries/Win64/../../../Engine/Shaders/ShaderComplexityApplyVertexShader.usf" 279
"D:/Program Files/Epic games/UE_4.10/Engine/Binaries/Win64/../../../Engine/Shaders/ShaderComplexityAccumulatePixelShader.usf" 280
"D:/Program Files/Epic games/UE_4.10/Engine/Binaries/Win64/../../../Engine/Shaders/HZBOcclusion.usf" 281
"D:/Program Files/Epic games/UE_4.10/Engine/Binaries/Win64/../../../Engine/Shaders/OcclusionQueryVertexShader.usf" 282
"D:/Program Files/Epic games/UE_4.10/Engine/Binaries/Win64/../../../Engine/Shaders/HitProxyPixelShader.usf" 283
"D:/Program Files/Epic games/UE_4.10/Engine/Binaries/Win64/../../../Engine/Shaders/HitProxyVertexShader.usf" 284
"D:/Program Files/Epic games/UE_4.10/Engine/Binaries/Win64/../../../Engine/Shaders/ReflectionEnvironmentShaders.usf" 285
"D:/Program Files/Epic games/UE_4.10/Engine/Binaries/Win64/../../../Engine/Shaders/ReflectionEnvironmentShared.usf" 286
"D:/Program Files/Epic games/UE_4.10/Engine/Binaries/Win64/../../../Engine/Shaders/SkyLightingShared.usf" 287
"D:/Program Files/Epic games/UE_4.10/Engine/Binaries/Win64/../../../Engine/Shaders/ReflectionEnvironmentComputeShaders.usf" 288
"D:/Program Files/Epic games/UE_4.10/Engine/Binaries/Win64/../../../Engine/Shaders/LightShaftShader.usf" 289
"D:/Program Files/Epic games/UE_4.10/Engine/Binaries/Win64/../../../Engine/Shaders/StationaryLightOverlapShaders.usf" 290
"D:/Program Files/Epic games/UE_4.10/Engine/Binaries/Win64/../../../Engine/Shaders/DeferredLightPixelShaders.usf" 291
"D:/Program Files/Epic games/UE_4.10/Engine/Binaries/Win64/../../../Engine/Shaders/DeferredLightVertexShaders.usf" 292
"D:/Program Files/Epic games/UE_4.10/Engine/Binaries/Win64/../../../Engine/Shaders/LPVVisualise.usf" 293
"D:/Program Files/Epic games/UE_4.10/Engine/Binaries/Win64/../../../Engine/Shaders/LPVGeometryVolumeCommon.usf" 294
"D:/Program Files/Epic games/UE_4.10/Engine/Binaries/Win64/../../../Engine/Shaders/LPVDirectLightInject.usf" 295
"D:/Program Files/Epic games/UE_4.10/Engine/Binaries/Win64/../../../Engine/Shaders/LPVPropagate.usf" 296
"D:/Program Files/Epic games/UE_4.10/Engine/Binaries/Win64/../../../Engine/Shaders/LPVPacking.usf" 297
"D:/Program Files/Epic games/UE_4.10/Engine/Binaries/Win64/../../../Engine/Shaders/LPVBuildGeometryVolume.usf" 298
"D:/Program Files/Epic games/UE_4.10/Engine/Binaries/Win64/../../../Engine/Shaders/LpvDirectionalOcclusion.usf" 299
"D:/Program Files/Epic games/UE_4.10/Engine/Binaries/Win64/../../../Engine/Shaders/LPVInject_AccumulateVplLists.usf" 300
"D:/Program Files/Epic games/UE_4.10/Engine/Binaries/Win64/../../../Engine/Shaders/LPVInject_GenerateVplLists.usf" 301
"D:/Program Files/Epic games/UE_4.10/Engine/Binaries/Win64/../../../Engine/Shaders/LPVClearLists.usf" 302
"D:/Program Files/Epic games/UE_4.10/Engine/Binaries/Win64/../../../Engine/Shaders/LPVClear.usf" 303
"D:/Program Files/Epic games/UE_4.10/Engine/Binaries/Win64/../../../Engine/Shaders/LightMapDensityShader.usf" 304
"D:/Program Files/Epic games/UE_4.10/Engine/Binaries/Win64/../../../Engine/Shaders/LightFunctionPixelShader.usf" 305
"D:/Program Files/Epic games/UE_4.10/Engine/Binaries/Win64/../../../Engine/Shaders/LightFunctionVertexShader.usf" 306
"D:/Program Files/Epic games/UE_4.10/Engine/Binaries/Win64/../../../Engine/Shaders/HeightfieldLighting.usf" 307
"D:/Program Files/Epic games/UE_4.10/Engine/Binaries/Win64/../../../Engine/Shaders/DistanceFieldShadowingShared.usf" 308
"D:/Program Files/Epic games/UE_4.10/Engine/Binaries/Win64/../../../Engine/Shaders/HdrCustomResolveShaders.usf" 309
"D:/Program Files/Epic games/UE_4.10/Engine/Binaries/Win64/../../../Engine/Shaders/GPUBenchmark.usf" 310
"D:/Program Files/Epic games/UE_4.10/Engine/Binaries/Win64/../../../Engine/Shaders/GlobalDistanceField.usf" 311
"D:/Program Files/Epic games/UE_4.10/Engine/Binaries/Win64/../../../Engine/Shaders/GammaCorrection.usf" 312
"D:/Program Files/Epic games/UE_4.10/Engine/Binaries/Win64/../../../Engine/Shaders/BasePassForForwardShadingPixelShader.usf" 313
"D:/Program Files/Epic games/UE_4.10/Engine/Binaries/Win64/../../../Engine/Shaders/BasePassForForwardShadingCommon.usf" 314
"D:/Program Files/Epic games/UE_4.10/Engine/Binaries/Win64/../../../Engine/Shaders/LightmapCommon.usf" 315
"D:/Program Files/Epic games/UE_4.10/Engine/Binaries/Win64/../../../Engine/Shaders/BasePassForForwardShadingVertexShader.usf" 316
"D:/Program Files/Epic games/UE_4.10/Engine/Binaries/Win64/../../../Engine/Shaders/HeightFogCommon.usf" 317
"D:/Program Files/Epic games/UE_4.10/Engine/Binaries/Win64/../../../Engine/Shaders/HeightFogPixelShader.usf" 318
"D:/Program Files/Epic games/UE_4.10/Engine/Binaries/Win64/../../../Engine/Shaders/HeightFogVertexShader.usf" 319
"D:/Program Files/Epic games/UE_4.10/Engine/Binaries/Win64/../../../Engine/Shaders/DistortAccumulatePS.usf" 320
"D:/Program Files/Epic games/UE_4.10/Engine/Binaries/Win64/../../../Engine/Shaders/DistortAccumulateVS.usf" 321
"D:/Program Files/Epic games/UE_4.10/Engine/Binaries/Win64/../../../Engine/Shaders/DistortApplyScreenPS.usf" 322
"D:/Program Files/Epic games/UE_4.10/Engine/Binaries/Win64/../../../Engine/Shaders/DistanceFieldSurfaceCacheLighting.usf" 323
"D:/Program Files/Epic games/UE_4.10/Engine/Binaries/Win64/../../../Engine/Shaders/SkyLighting.usf" 324
"D:/Program Files/Epic games/UE_4.10/Engine/Binaries/Win64/../../../Engine/Shaders/DistanceFieldSurfaceCacheLightingCompute.usf" 325
"D:/Program Files/Epic games/UE_4.10/Engine/Binaries/Win64/../../../Engine/Shaders/DistanceFieldShadowing.usf" 326
"D:/Program Files/Epic games/UE_4.10/Engine/Binaries/Win64/../../../Engine/Shaders/DistanceFieldScreenGridLighting.usf" 327
"D:/Program Files/Epic games/UE_4.10/Engine/Binaries/Win64/../../../Engine/Shaders/DistanceFieldLightingPost.usf" 328
"D:/Program Files/Epic games/UE_4.10/Engine/Binaries/Win64/../../../Engine/Shaders/DistanceFieldGlobalIllumination.usf" 329
"D:/Program Files/Epic games/UE_4.10/Engine/Binaries/Win64/../../../Engine/Shaders/DepthOnlyPixelShader.usf" 330
"D:/Program Files/Epic games/UE_4.10/Engine/Binaries/Win64/../../../Engine/Shaders/DepthOnlyVertexShader.usf" 331
"D:/Program Files/Epic games/UE_4.10/Engine/Binaries/Win64/../../../Engine/Shaders/PositionOnlyDepthVertexShader.usf" 332
"D:/Program Files/Epic games/UE_4.10/Engine/Binaries/Win64/../../../Engine/Shaders/DownsampleDepthPixelShader.usf" 333
"D:/Program Files/Epic games/UE_4.10/Engine/Binaries/Win64/../../../Engine/Shaders/EvaluateSurfelMaterial.usf" 334
"D:/Program Files/Epic games/UE_4.10/Engine/Binaries/Win64/../../../Engine/Shaders/ConvertToUniformMesh.usf" 335
"D:/Program Files/Epic games/UE_4.10/Engine/Binaries/Win64/../../../Engine/Shaders/BasePassPixelShader.usf" 336
"D:/Program Files/Epic games/UE_4.10/Engine/Binaries/Win64/../../../Engine/Shaders/BasePassCommon.usf" 337
"D:/Program Files/Epic games/UE_4.10/Engine/Binaries/Win64/../../../Engine/Shaders/ForEachLight.usf" 338
"D:/Program Files/Epic games/UE_4.10/Engine/Binaries/Win64/../../../Engine/Shaders/BasePassVertexShader.usf" 339
"D:/Program Files/Epic games/UE_4.10/Engine/Binaries/Win64/../../../Engine/Shaders/BasePassVertexCommon.usf" 340
"D:/Program Files/Epic games/UE_4.10/Engine/Binaries/Win64/../../../Engine/Shaders/BasePassTessellationShaders.usf" 341
"D:/Program Files/Epic games/UE_4.10/Engine/Binaries/Win64/../../../Engine/Shaders/AtmospherePrecompute.usf" 342
"D:/Program Files/Epic games/UE_4.10/Engine/Binaries/Win64/../../../Engine/Shaders/AtmospherePrecomputeCommon.usf" 343
"D:/Program Files/Epic games/UE_4.10/Engine/Binaries/Win64/../../../Engine/Shaders/AtmospherePrecomputeInscatter.usf" 344
"D:/Program Files/Epic games/UE_4.10/Engine/Binaries/Win64/../../../Engine/Shaders/AtmosphericFogShader.usf" 345
"D:/Program Files/Epic games/UE_4.10/Engine/Binaries/Win64/../../../Engine/Shaders/ResolveVertexShader.usf" 346
"D:/Program Files/Epic games/UE_4.10/Engine/Binaries/Win64/../../../Engine/Shaders/ResolvePixelShader.usf" 347
"D:/Program Files/Epic games/UE_4.10/Engine/Binaries/Win64/../../../Engine/Shaders/OneColorShader.usf" 348
"D:/Program Files/Epic games/UE_4.10/Engine/Binaries/Win64/../../../Engine/Shaders/MediaShaders.usf" 349
"D:/Program Files/Epic games/UE_4.10/Engine/Binaries/Win64/../../../Engine/Shaders/ClearReplacementShaders.usf" 350
"D:/Program Files/Epic games/UE_4.10/Engine/Binaries/Win64/../../../Engine/Shaders/SimpleElementTexture2DPreviewPixelShader.usf" 351
"D:/Program Files/Epic games/UE_4.10/Engine/Binaries/Win64/../../../Engine/Shaders/SimpleElementNormalMapPixelShader.usf" 352
"D:/Program Files/Epic games/UE_4.10/Engine/Binaries/Win64/../../../Engine/Shaders/meshpaintdilatepixelshader.usf" 353
"D:/Program Files/Epic games/UE_4.10/Engine/Binaries/Win64/../../../Engine/Shaders/meshpaintdilatevertexshader.usf" 354
"D:/Program Files/Epic games/UE_4.10/Engine/Binaries/Win64/../../../Engine/Shaders/MeshPaintPixelShader.usf" 355
"D:/Program Files/Epic games/UE_4.10/Engine/Binaries/Win64/../../../Engine/Shaders/MeshPaintVertexShader.usf" 356
"../../../Engine/Config/Android/AndroidEngine.ini" 357
"../../../Engine/Config/IOS/IOSEngine.ini" 358
"../../../Engine/Config/Linux/LinuxEngine.ini" 359
"C:/Users/mikaa/AppData/Local/UnrealEngine/4.10/DerivedDataCache/Boot.ddc" 360
"../../../Engine/DerivedDataCache/Compressed.ddp" 361
"../../../Engine/Content/EngineFonts/Roboto.uasset" 362
"../../../Engine/Content/EngineMaterials/Widget3DPassThrough_Translucent.uasset" 363
"../../../Engine/Content/EngineMaterials/Widget3DPassThrough.uasset" 364
"../../../Engine/Content/Functions/Engine_MaterialFunctions02/Texturing/ScreenAlignedUVs.uasset" 365
"../../../Engine/Content/EngineResources/WhiteSquareTexture.uasset" 366
"../../../Engine/Content/Functions/Engine_MaterialFunctions01/Shading/PowerToRoughness.uasset" 367
"../../../Engine/Content/Functions/Engine_MaterialFunctions01/Shading/ConvertFromDiffSpec.uasset" 368
"../../../Engine/Content/EngineMaterials/WorldGridMaterial.uasset" 369
"../../../Engine/Content/Functions/Engine_MaterialFunctions01/Opacity/CameraDepthFade.uasset" 370
"../../../Engine/Content/EngineMaterials/T_Default_Material_Grid_M.uasset" 371
"../../../Engine/Content/EngineMaterials/T_Default_Material_Grid_N.uasset" 372
"../../../Engine/Content/EngineMaterials/DefaultDeferredDecalMaterial.uasset" 373
"../../../Engine/Content/EngineMaterials/DefaultDiffuse.uasset" 374
"../../../Engine/Content/EngineMaterials/DefaultLightFunctionMaterial.uasset" 375
"../../../Engine/Content/EngineMaterials/DefaultPostProcessMaterial.uasset" 376
"../../../Engine/Content/Functions/Engine_MaterialFunctions02/Utility/BreakOutFloat2Components.uasset" 377
"../../../Engine/Content/EngineResources/DefaultTexture.uasset" 378
"../../../Engine/Content/EngineMaterials/Widget3DPassThrough_Translucent_OneSided.uasset" 379
"../../../Engine/Content/EngineMaterials/Widget3DPassThrough_Opaque.uasset" 380
"../../../Engine/Content/EngineMaterials/Widget3DPassThrough_Opaque_OneSided.uasset" 381
"../../../Engine/Content/EngineMaterials/Widget3DPassThrough_Masked.uasset" 382
"../../../Engine/Content/EngineMaterials/Widget3DPassThrough_Masked_OneSided.uasset" 383
"../../../Engine/Content/EditorResources/S_Actor.uasset" 384
"D:/????????/????? ????? (8)/Roll_A_Ball_part01_11100815/Roll_A_Ball/Roll_A_Ball/Saved/Config/Windows/TemplateDefs.ini" 385
"../../../../../../????????/????? ????? (8)/Roll_A_Ball_part01_11100815/Roll_A_Ball/Roll_A_Ball/Intermediate/Config/CoalescedSourceConfigs/TemplateDefs.ini" 386
"D:/????????/????? ????? (8)/Roll_A_Ball_part01_11100815/Roll_A_Ball/Roll_A_Ball/Saved/Config/Windows/GameplayTags.ini" 387
"../../../../../../????????/????? ????? (8)/Roll_A_Ball_part01_11100815/Roll_A_Ball/Roll_A_Ball/Intermediate/Config/CoalescedSourceConfigs/GameplayTags.ini" 388
"../../../Engine/Content/Maps/Templates/Thumbnails/Default.uasset" 389
"../../../Engine/Content/EditorMaterials/ParticleSystems/PSysThumbnail_NoImage.uasset" 390
"../../../Engine/Content/EditorMaterials/ParticleSystems/PSysThumbnail_OOD.uasset" 391
"../../../Engine/Content/EditorLandscapeResources/DataLayer.uasset" 392
"../../../Engine/Content/EngineDamageTypes/DmgTypeBP_Environmental.uasset" 393
"..\..\..\Engine\Content\Internationalization\icudt53l\numberingSystems.res" 394
"..\..\..\Engine\Content\Internationalization\icudt53l\curr\supplementalData.res" 395
"..\..\..\Engine\Content\Internationalization\icudt53l\curr\pool.res" 396
"..\..\..\Engine\Content\Internationalization\icudt53l\curr\en.res" 397
"..\..\..\Engine\Content\Internationalization\icudt53l\curr\root.res" 398
"../../../Engine/Content/EngineMeshes/Sphere.uasset" 399
"../../../Engine/Content/EngineFonts/RobotoDistanceField.uasset" 400
"../../../Engine/Content/EngineMaterials/DefaultTextMaterialOpaque.uasset" 401
"../../../Engine/Content/EditorResources/S_Trigger.uasset" 402
"../../../Engine/Content/EngineResources/GradientTexture0.uasset" 403
"../../../Engine/Content/EngineResources/Black.uasset" 404
"../../../Engine/Content/EditorMaterials/MatineeGroups/MAT_Groups_Float.uasset" 405
"../../../Engine/Content/EditorMaterials/MatineeGroups/MAT_Groups_Director.uasset" 406
"../../../Engine/Content/EditorMaterials/MatineeGroups/MAT_Groups_Event.uasset" 407
"../../../Engine/Content/EditorMaterials/MatineeGroups/MAT_Groups_Anim.uasset" 408
"../../../Engine/Content/EditorMaterials/MatineeGroups/MAT_Groups_Fade.uasset" 409
"../../../Engine/Content/EditorMaterials/MatineeGroups/MAT_Groups_Move.uasset" 410
"../../../Engine/Content/EditorMaterials/MatineeGroups/MAT_Groups_Slomo.uasset" 411
"../../../Engine/Content/EditorMaterials/MatineeGroups/MAT_ColorTrack.uasset" 412
"../../../Engine/Content/EditorMaterials/MAT_Groups_Toggle.uasset" 413
"../../../Engine/Content/EditorMaterials/MatineeGroups/MAT_Groups_AudioMaster.uasset" 414
"../../../Engine/Content/EditorMaterials/MatineeGroups/MAT_Groups_Sound.uasset" 415
"../../../Engine/Content/EditorMaterials/MatineeGroups/MAT_Groups_Vector.uasset" 416
"../../../Engine/Content/EditorMaterials/MAT_Groups_Visibility.uasset" 417
"../../../Engine/Content/EngineResources/DefaultTextureCube.uasset" 418
"../../../Engine/Content/EngineSounds/Master.uasset" 419
"../../../Engine/Content/EngineSounds/Music.uasset" 420
"../../../Engine/Content/EngineSounds/SFX.uasset" 421
"../../../Engine/Content/EngineSounds/Normal_Attack.uasset" 422
"../../../Engine/Content/EngineSounds/Special_Attack_PSM.uasset" 423
"../../../Engine/Content/EngineSounds/Duck_Normal_Attack_MixMod.uasset" 424
"../../../Engine/Content/EngineSounds/Voice.uasset" 425
"../../../Engine/Content/EngineMeshes/Cylinder.uasset" 426
"../../../Engine/Content/EngineMaterials/DefaultMaterial.uasset" 427
"../../../Engine/Content/EngineTireTypes/DefaultTireType.uasset" 428
"../../../Engine/Content/Editor/Slate/Fonts/FontAwesome.ttf" 429
"../../../Engine/Content/Editor/Slate/Fonts/DroidSansMono.ttf" 430
"../../../Engine/Content/Editor/Slate/Fonts/Roboto-BoldCondensed.ttf" 431
"../../../Engine/Content/Editor/Slate/Fonts/Roboto-Black.ttf" 432
"../../../Engine/Content/Editor/Slate/Fonts/Roboto-Italic.ttf" 433
"../../../Engine/Content/Editor/Slate/Fonts/Roboto-BoldCondensedItalic.ttf" 434
"..\..\..\Engine\Content\Internationalization\icudt53l\coll\ucadata.icu" 435
"..\..\..\Engine\Content\Internationalization\icudt53l\nfc.nrm" 436
"..\..\..\Engine\Content\Internationalization\icudt53l\coll\en.res" 437
"..\..\..\Engine\Content\Internationalization\icudt53l\coll\root.res" 438
"../../../Engine/Content/EngineResources/AICON-Red.uasset" 439
"../../../Engine/Content/EngineResources/AICON-Green.uasset" 440
"../../../Engine/Content/Tutorial/Basics/LevelEditorOverview.uasset" 441
"../../../Engine/Content/Tutorial/Basics/TutorialAssets/icon_tab_Levels_40x.uasset" 442
"../../../Engine/Content/Tutorial/Basics/LevelEditorAttract.uasset" 443
"../../../Engine/Content/Tutorial/ContentIntroCurve.uasset" 444
"../../../Engine/Plugins/2D/Paper2D/Content/MaskedUnlitSpriteMaterial.uasset" 445
"../../../Engine/Plugins/2D/Paper2D/Content/DefaultSpriteMaterial.uasset" 446
"../../../Engine/Plugins/2D/Paper2D/Content/PlaceholderTextures/DummySpriteTexture.uasset" 447
"../../../Engine/Plugins/2D/Paper2D/Content/OpaqueUnlitSpriteMaterial.uasset" 448
"../../../Engine/Plugins/2D/Paper2D/Content/DefaultPaperTerrainMaterial.uasset" 449
"../../../Engine/Plugins/2D/Paper2D/Content/DummySprite.uasset" 450
"../../../Engine/Plugins/2D/Paper2D/Content/DummySpriteTexture.uasset" 451
"C:/Users/mikaa/AppData/Local/UnrealEngine/4.10/Saved/Config/Windows/SourceControlSettings.ini" 452
"../../../../../../????????/????? ????? (8)/Roll_A_Ball_part01_11100815/Roll_A_Ball/Roll_A_Ball/Intermediate/Config/CoalescedSourceConfigs/SourceControlSettings.ini" 453
"D:/????????/????? ????? (8)/Roll_A_Ball_part01_11100815/Roll_A_Ball/Roll_A_Ball/Saved/Config/Windows/SourceControlSettings.ini" 454
"../../../Engine/Plugins/Runtime/LeapMotionController/Content/LM_CapsuleMesh.uasset" 455
"../../../Engine/Plugins/Runtime/LeapMotionController/Content/LM_TorusMesh.uasset" 456
"../../../Engine/Plugins/Runtime/LeapMotionController/Content/LM_HandColor.uasset" 457
"../../../Engine/Plugins/Runtime/LeapMotionController/Content/LM_PassthroughMaterial.uasset" 458
"../../../Engine/Plugins/Runtime/LeapMotionController/Content/LM_SampleDistortion.uasset" 459
"../../../Engine/Plugins/Runtime/LeapMotionController/Content/LM_TestTexture.uasset" 460
"../../../Engine/Content/BasicShapes/Cube.uasset" 461
"../../../Engine/Content/EngineMaterials/RemoveSurfaceMaterial.uasset" 462
"../../../Engine/Content/EngineDebugMaterials/DebugMeshMaterial.uasset" 463
"../../../Engine/Content/EngineMaterials/M_InvalidLightmapSettings.uasset" 464
"../../../Engine/Content/EngineMaterials/InvalidLightmapSettings.uasset" 465
"../../../Engine/Content/EditorMaterials/GizmoMaterial.uasset" 466
"../../../Engine/Content/EngineMaterials/Good64x64TilingNoiseHighFreq.uasset" 467
"../../../Engine/Content/EngineMaterials/DefaultBokeh.uasset" 468
"../../../Engine/Content/EngineMaterials/PreintegratedSkinBRDF.uasset" 469
"../../../Engine/Content/EngineMaterials/MiniFont.uasset" 470
"../../../Engine/Content/EngineMaterials/WeightMapPlaceholderTexture.uasset" 471
"../../../Engine/Content/EngineMaterials/DefaultWhiteGrid.uasset" 472
"../../../Engine/Content/EngineMaterials/DefaultPhysicalMaterial.uasset" 473
"../../../Engine/Content/EngineFonts/RobotoTiny.uasset" 474
"../../../../../../????????/????? ????? (8)/Roll_A_Ball_part01_11100815/Roll_A_Ball/Roll_A_Ball/Intermediate/CachedAssetRegistry.bin" 475
"../../../../../../????????/????? ????? (8)/Roll_A_Ball_part01_11100815/Roll_A_Ball/Roll_A_Ball/Saved/Autosaves/Game/BP_GameUI_Auto0.uasset" 476
"../../../../../../????????/????? ????? (8)/Roll_A_Ball_part01_11100815/Roll_A_Ball/Roll_A_Ball/Saved/Autosaves/Game/BP_GameUI_Auto1.uasset" 477
"../../../../../../????????/????? ????? (8)/Roll_A_Ball_part01_11100815/Roll_A_Ball/Roll_A_Ball/Saved/Autosaves/Game/BP_GameUI_Auto2.uasset" 478
"../../../../../../????????/????? ????? (8)/Roll_A_Ball_part01_11100815/Roll_A_Ball/Roll_A_Ball/Saved/Autosaves/Game/BP_GameUI_Auto3.uasset" 479
"../../../../../../????????/????? ????? (8)/Roll_A_Ball_part01_11100815/Roll_A_Ball/Roll_A_Ball/Saved/Autosaves/Game/BP_GameUI_Auto4.uasset" 480
"../../../../../../????????/????? ????? (8)/Roll_A_Ball_part01_11100815/Roll_A_Ball/Roll_A_Ball/Saved/Autosaves/Game/BP_GameUI_Auto7.uasset" 481
"../../../../../../????????/????? ????? (8)/Roll_A_Ball_part01_11100815/Roll_A_Ball/Roll_A_Ball/Saved/Autosaves/Game/BP_GameUI_Auto9.uasset" 482
"../../../../../../????????/????? ????? (8)/Roll_A_Ball_part01_11100815/Roll_A_Ball/Roll_A_Ball/Saved/Autosaves/Game/BP_PickUps_Auto1.uasset" 483
"../../../../../../????????/????? ????? (8)/Roll_A_Ball_part01_11100815/Roll_A_Ball/Roll_A_Ball/Saved/Autosaves/Game/BP_PickUps_Auto2.uasset" 484
"../../../../../../????????/????? ????? (8)/Roll_A_Ball_part01_11100815/Roll_A_Ball/Roll_A_Ball/Saved/Autosaves/Game/BP_PickUps_Auto3.uasset" 485
"../../../../../../????????/????? ????? (8)/Roll_A_Ball_part01_11100815/Roll_A_Ball/Roll_A_Ball/Saved/Autosaves/Game/BP_PickUps_Auto5.uasset" 486
"../../../../../../????????/????? ????? (8)/Roll_A_Ball_part01_11100815/Roll_A_Ball/Roll_A_Ball/Saved/Autosaves/Game/BP_PickUps_Auto7.uasset" 487
"../../../../../../????????/????? ????? (8)/Roll_A_Ball_part01_11100815/Roll_A_Ball/Roll_A_Ball/Saved/Autosaves/Game/BP_PickUps_Auto8.uasset" 488
"../../../../../../????????/????? ????? (8)/Roll_A_Ball_part01_11100815/Roll_A_Ball/Roll_A_Ball/Saved/Autosaves/Game/BP_PickUps_Auto9.uasset" 489
"../../../../../../????????/????? ????? (8)/Roll_A_Ball_part01_11100815/Roll_A_Ball/Roll_A_Ball/Saved/Autosaves/Game/BP_Player_Auto1.uasset" 490
"../../../../../../????????/????? ????? (8)/Roll_A_Ball_part01_11100815/Roll_A_Ball/Roll_A_Ball/Saved/Autosaves/Game/BP_Player_Auto2.uasset" 491
"../../../../../../????????/????? ????? (8)/Roll_A_Ball_part01_11100815/Roll_A_Ball/Roll_A_Ball/Saved/Autosaves/Game/BP_Player_Auto8.uasset" 492
"../../../../../../????????/????? ????? (8)/Roll_A_Ball_part01_11100815/Roll_A_Ball/Roll_A_Ball/Saved/Autosaves/Game/BP_Player_Auto9.uasset" 493
"../../../../../../????????/????? ????? (8)/Roll_A_Ball_part01_11100815/Roll_A_Ball/Roll_A_Ball/Saved/Autosaves/Game/MyGameMode_Auto0.uasset" 494
"../../../../../../????????/????? ????? (8)/Roll_A_Ball_part01_11100815/Roll_A_Ball/Roll_A_Ball/Saved/Autosaves/Game/MyGameMode_Auto3.uasset" 495
"../../../../../../????????/????? ????? (8)/Roll_A_Ball_part01_11100815/Roll_A_Ball/Roll_A_Ball/Saved/Autosaves/Game/MyGameMode_Auto4.uasset" 496
"../../../../../../????????/????? ????? (8)/Roll_A_Ball_part01_11100815/Roll_A_Ball/Roll_A_Ball/Saved/Autosaves/Game/MyGameMode_Auto5.uasset" 497
"../../../../../../????????/????? ????? (8)/Roll_A_Ball_part01_11100815/Roll_A_Ball/Roll_A_Ball/Saved/Autosaves/Game/MyGameMode_Auto6.uasset" 498
"../../../../../../????????/????? ????? (8)/Roll_A_Ball_part01_11100815/Roll_A_Ball/Roll_A_Ball/Saved/Autosaves/Game/MyGameMode_Auto7.uasset" 499
"../../../../../../????????/????? ????? (8)/Roll_A_Ball_part01_11100815/Roll_A_Ball/Roll_A_Ball/Saved/Autosaves/Game/MyGameMode_Auto8.uasset" 500
"../../../../../../????????/????? ????? (8)/Roll_A_Ball_part01_11100815/Roll_A_Ball/Roll_A_Ball/Saved/Autosaves/Game/MyGameMode_Auto9.uasset" 501
"../../../../../../????????/????? ????? (8)/Roll_A_Ball_part01_11100815/Roll_A_Ball/Roll_A_Ball/Saved/Autosaves/Game/M_PickUps_Auto6.uasset" 502
"../../../../../../????????/????? ????? (8)/Roll_A_Ball_part01_11100815/Roll_A_Ball/Roll_A_Ball/Saved/Autosaves/Game/M_PickUps_Inst_Auto7.uasset" 503
"../../../../../../????????/????? ????? (8)/Roll_A_Ball_part01_11100815/Roll_A_Ball/Roll_A_Ball/Saved/Autosaves/Game/NewInterface_Auto9.uasset" 504
"../../../../../../????????/????? ????? (8)/Roll_A_Ball_part01_11100815/Roll_A_Ball/Roll_A_Ball/Saved/Autosaves/Game/NewWidgetBlueprint_Auto0.uasset" 505
"../../../../../../????????/????? ????? (8)/Roll_A_Ball_part01_11100815/Roll_A_Ball/Roll_A_Ball/Saved/Autosaves/Game/StarterContent/Maps/Minimal_Default_Auto0.umap" 506
"../../../../../../????????/????? ????? (8)/Roll_A_Ball_part01_11100815/Roll_A_Ball/Roll_A_Ball/Saved/Autosaves/Game/StarterContent/Maps/Minimal_Default_Auto1.umap" 507
"../../../../../../????????/????? ????? (8)/Roll_A_Ball_part01_11100815/Roll_A_Ball/Roll_A_Ball/Saved/Autosaves/Game/StarterContent/Maps/Minimal_Default_Auto2.umap" 508
"../../../../../../????????/????? ????? (8)/Roll_A_Ball_part01_11100815/Roll_A_Ball/Roll_A_Ball/Saved/Autosaves/Game/StarterContent/Maps/Minimal_Default_Auto3.umap" 509
"../../../../../../????????/????? ????? (8)/Roll_A_Ball_part01_11100815/Roll_A_Ball/Roll_A_Ball/Saved/Autosaves/Game/StarterContent/Maps/Minimal_Default_Auto4.umap" 510
"../../../../../../????????/????? ????? (8)/Roll_A_Ball_part01_11100815/Roll_A_Ball/Roll_A_Ball/Saved/Autosaves/Game/StarterContent/Maps/Minimal_Default_Auto5.umap" 511
"../../../../../../????????/????? ????? (8)/Roll_A_Ball_part01_11100815/Roll_A_Ball/Roll_A_Ball/Saved/Autosaves/Game/StarterContent/Maps/Minimal_Default_Auto6.umap" 512
"../../../../../../????????/????? ????? (8)/Roll_A_Ball_part01_11100815/Roll_A_Ball/Roll_A_Ball/Saved/Autosaves/Game/StarterContent/Maps/Minimal_Default_Auto7.umap" 513
"../../../../../../????????/????? ????? (8)/Roll_A_Ball_part01_11100815/Roll_A_Ball/Roll_A_Ball/Saved/Autosaves/Game/StarterContent/Maps/Minimal_Default_Auto8.umap" 514
"../../../../../../????????/????? ????? (8)/Roll_A_Ball_part01_11100815/Roll_A_Ball/Roll_A_Ball/Saved/Autosaves/Game/StarterContent/Maps/Minimal_Default_Auto9.umap" 515
"../../../Engine/Config/HTML5/HTML5Engine.ini" 516
"../../../Engine/Content/MobileResources/HUD/VirtualJoystick_Thumb.uasset" 517
"../../../../../../????????/????? ????? (8)/Roll_A_Ball_part01_11100815/Roll_A_Ball/Roll_A_Ball/Content/MyGameMode.uasset" 518
"../../../../../../????????/????? ????? (8)/Roll_A_Ball_part01_11100815/Roll_A_Ball/Roll_A_Ball/Content/BP_Player.uasset" 519
"../../../../../../????????/????? ????? (8)/Roll_A_Ball_part01_11100815/Roll_A_Ball/Roll_A_Ball/Content/MI_Player.uasset" 520
"../../../../../../????????/????? ????? (8)/Roll_A_Ball_part01_11100815/Roll_A_Ball/Roll_A_Ball/Content/M_PickUps.uasset" 521
"../../../Engine/Content/BasicShapes/Sphere.uasset" 522
"../../../../../../????????/????? ????? (8)/Roll_A_Ball_part01_11100815/Roll_A_Ball/Roll_A_Ball/Content/BP_GameUI.uasset" 523
"C:/Users/mikaa/AppData/Local/UnrealEngine/Common/DerivedDataCache/0/2/2/MATSM_984AFA3849534FAA8491540B994BD32E_PCD3D_SM5_3__BC5N_DEV_SL_NODBUFC64649CE__DE51D33E7E88D33C869F4980EE0666FA0A9EE2F0.udd" 524
"../../../Engine/Content/EditorResources/BSPVertex.uasset" 525
"../../../Engine/Content/EngineDebugMaterials/GeomMaterial.uasset" 526
"../../../Engine/Content/EngineDebugMaterials/BoneWeightMaterial.uasset" 527
"../../../Engine/Content/EngineDebugMaterials/HeatmapGradient.uasset" 528
"../../../Engine/Content/EditorMaterials/PhAT_JointLimitMaterial.uasset" 529
"../../../Engine/Content/EditorMaterials/PreviewShadowIndicatorMaterial.uasset" 530
"../../../Engine/Content/EditorMaterials/PreviewShadowIndicator.uasset" 531
"../../../Engine/Content/EngineMaterials/EditorBrushMaterial.uasset" 532
"../../../Engine/Content/EditorMeshes/ColorCalibrator/SM_ColorCalibrator.uasset" 533
"../../../Engine/Content/EditorMeshes/ColorCalibrator/M_ChromeBall.uasset" 534
"../../../Engine/Content/EditorMeshes/ColorCalibrator/M_ClearCoat.uasset" 535
"../../../Engine/Content/EditorMeshes/ColorCalibrator/M_ClearCoatBlack.uasset" 536
"../../../Engine/Content/EditorMeshes/ColorCalibrator/M_ColorGrid.uasset" 537
"../../../Engine/Content/EditorMeshes/ColorCalibrator/T_ColorGrid.uasset" 538
"../../../Engine/Content/EditorMeshes/ColorCalibrator/M_GreyBall.uasset" 539
"../../../Engine/Content/MobileResources/HUD/DefaultVirtualJoysticks.uasset" 540
"../../../Engine/Content/MobileResources/HUD/VirtualJoystick_Background.uasset" 541
"../../../Engine/Content/Tutorial/BlueprintTutorials/TutorialAssets/Blueprint_64x.uasset" 542
"../../../Engine/Content/Tutorial/SubEditors/TutorialAssets/icon_Editor_Preferences_General_40x.uasset" 543
"../../../Engine/Content/Tutorial/Paper2D/TutorialAssets/Paper2DSprite_TutorialIcon.uasset" 544
"../../../Engine/Content/Tutorial/SubEditors/TutorialAssets/icon_ShowSkeletalMeshes_40x.uasset" 545
"../../../Engine/Content/Tutorial/Landscape/TutorialAssets/Landscape.uasset" 546
"../../../Engine/Content/Tutorial/Foliage/TutorialAssets/Foliage.uasset" 547
"../../../Engine/Content/Tutorial/SubEditors/StaticMeshEditorTutorial.uasset" 548
"../../../Engine/Content/EngineMeshes/Cube.uasset" 549
"../../../Engine/Content/Tutorial/BlueprintTutorials/BlueprintEditorTutorial.uasset" 550
"../../../Engine/Content/Tutorial/BlueprintTutorials/BlueprintMacroLibrariesEditorOverview.uasset" 551
"../../../Engine/Content/Tutorial/BlueprintTutorials/TutorialAssets/BlueprintMacroLibrary_64x.uasset" 552
"../../../Engine/Content/Tutorial/BlueprintTutorials/TutorialAssets/Tutorial_BP_MacroLib.uasset" 553
"../../../Engine/Content/Tutorial/BlueprintTutorials/BlueprintInterfacesEditorOverview.uasset" 554
"../../../Engine/Content/Tutorial/BlueprintTutorials/TutorialAssets/BlueprintInterface_64x.uasset" 555
"../../../Engine/Content/Tutorial/BlueprintTutorials/TutorialAssets/Tutorial_BP_Interface.uasset" 556
"../../../Engine/Content/Tutorial/BlueprintTutorials/LevelBlueprintEditorOverview.uasset" 557
"../../../Engine/Content/Tutorial/SubEditors/DestructibleMeshEditorTutorial.uasset" 558
"../../../Engine/Content/Tutorial/SubEditors/TutorialAssets/Tutorial_DM.uasset" 559
"../../../Engine/Content/EditorMeshes/EditorCube.uasset" 560
"../../../Engine/Content/Tutorial/SubEditors/MaterialEditorTutorial.uasset" 561
"../../../Engine/Content/Tutorial/SubEditors/TutorialAssets/TutorialMaterial.uasset" 562
"../../../Engine/Content/Tutorial/SubEditors/ParticleSystemEditorTutorial.uasset" 563
"../../../Engine/Content/Tutorial/SubEditors/TutorialAssets/TutorialParticleSystem.uasset" 564
"../../../Engine/Content/Tutorial/SubEditors/TutorialAssets/M_smoke_subUV_blackbody.uasset" 565
"../../../Engine/Content/Tutorial/SubEditors/TutorialAssets/T_SmokeSubUV_8X8.uasset" 566
"../../../Engine/Content/Tutorial/SubEditors/TutorialAssets/T_soft_smoke.uasset" 567
"../../../Engine/Content/Tutorial/SubEditors/PersonaAnimEditorWalkThrough.uasset" 568
"../../../Engine/Content/Tutorial/SubEditors/TutorialAssets/Character/NewBlendSpace1D.uasset" 569
"../../../Engine/Content/Tutorial/SubEditors/TutorialAssets/Character/Tutorial_Idle.uasset" 570
"../../../Engine/Content/Tutorial/SubEditors/TutorialAssets/Character/TutorialTPP_Skeleton.uasset" 571
"../../../Engine/Content/Tutorial/SubEditors/TutorialAssets/Character/Tutorial_Walk_Fwd.uasset" 572
"../../../Engine/Content/Tutorial/SubEditors/TutorialAssets/Character/TutorialTPP.uasset" 573
"../../../Engine/Content/Tutorial/SubEditors/TutorialAssets/Character/TutorialTPP_Mat.uasset" 574
"../../../Engine/Content/Tutorial/SubEditors/TutorialAssets/Character/TutorialTPP_PhysicsAsset.uasset" 575
"C:/Users/mikaa/AppData/Local/Temp/UnrealShaderWorkingDir/B5964BB446D5FC5911A07F9036BA2DB9/1/WorkerOutputOnly.out" 576
"../../../Engine/Content/Tutorial/SubEditors/PersonaAnimBlueprintEditorWalkthrough.uasset" 577
"../../../Engine/Content/Tutorial/SubEditors/TutorialAssets/Character/TutorialTPP_AnimBlueprint.uasset" 578
"../../../Engine/Content/EditorBlueprintResources/StandardMacros.uasset" 579
"../../../Engine/Content/Tutorial/SubEditors/TutorialAssets/Character/TutorialCharacter.uasset" 580
"../../../Engine/Content/Tutorial/Paper2D/SpriteEditorTutorial.uasset" 581
"../../../Engine/Content/Tutorial/Paper2D/FlipbookEditorTutorial.uasset" 582
"../../../Engine/Content/Tutorial/Paper2D/TutorialAssets/Paper2DFlipbook_TutorialIcon.uasset" 583
"../../../Engine/Content/Tutorial/Landscape/Landscape_Manage_Mode.uasset" 584
"../../../Engine/Content/Tutorial/Landscape/Landscape_Sculpt_Mode.uasset" 585
"../../../Engine/Content/Tutorial/Landscape/Landscape_Painting_Mode.uasset" 586
"../../../Engine/Content/Tutorial/Foliage/Foliage_Intro_Tutorial.uasset" 587
"../../../Engine/Content/Tutorial/Foliage/Foliage_Using_The_Tool_Tutorial.uasset" 588
"../../../Engine/Content/Tutorial/Foliage/Foliage_Settings_Tutorial.uasset" 589
"C:/Users/mikaa/AppData/Local/Temp/UnrealShaderWorkingDir/B5964BB446D5FC5911A07F9036BA2DB9/0/WorkerOutputOnly.out" 590
"../../../Engine/Content/MobileResources/HUD/MobileHUDDirectionPad3.uasset" 591
"C:/Users/mikaa/AppData/Local/UnrealEngine/Common/DerivedDataCache/6/0/7/MATSM_984AFA3849534FAA8491540B994BD32E_PCD3D_SM4_3__BC5N_DEV_SL_NODBUFC64649CE__5A1495E582E742188DB3E1F8D9A15EB99D893AF0.udd" 592
"../../../../../../????????/????? ????? (8)/Roll_A_Ball_part01_11100815/Roll_A_Ball/Roll_A_Ball/Content/M_Border.uasset" 593
"../../../../../../????????/????? ????? (8)/Roll_A_Ball_part01_11100815/Roll_A_Ball/Roll_A_Ball/Content/StarterContent/Textures/T_Perlin_Noise_M.uasset" 594
"C:/Users/mikaa/AppData/Local/Temp/UnrealShaderWorkingDir/B5964BB446D5FC5911A07F9036BA2DB9/2/WorkerOutputOnly.out" 595
"C:/Users/mikaa/AppData/Local/Temp/UnrealShaderWorkingDir/B5964BB446D5FC5911A07F9036BA2DB9/4/WorkerOutputOnly.out" 596
"C:/Users/mikaa/AppData/Local/Temp/UnrealShaderWorkingDir/B5964BB446D5FC5911A07F9036BA2DB9/3/WorkerOutputOnly.out" 597
"../../../../../../????????/????? ????? (8)/Roll_A_Ball_part01_11100815/Roll_A_Ball/Roll_A_Ball/Content/StarterContent/Textures/T_Bush_N.uasset" 598
"../../../../../../????????/????? ????? (8)/Roll_A_Ball_part01_11100815/Roll_A_Ball/Roll_A_Ball/Content/StarterContent/Textures/T_Smoke_SubUV.uasset" 599
"../../../../../../????????/????? ????? (8)/Roll_A_Ball_part01_11100815/Roll_A_Ball/Roll_A_Ball/Content/StarterContent/Audio/Steam01.uasset" 600
"../../../../../../????????/????? ????? (8)/Roll_A_Ball_part01_11100815/Roll_A_Ball/Roll_A_Ball/Content/StarterContent/Audio/Starter_Wind06.uasset" 601
"../../../../../../????????/????? ????? (8)/Roll_A_Ball_part01_11100815/Roll_A_Ball/Roll_A_Ball/Content/StarterContent/Audio/Starter_Wind05.uasset" 602
"../../../../../../????????/????? ????? (8)/Roll_A_Ball_part01_11100815/Roll_A_Ball/Roll_A_Ball/Content/StarterContent/Audio/Starter_Music01.uasset" 603
"../../../../../../????????/????? ????? (8)/Roll_A_Ball_part01_11100815/Roll_A_Ball/Roll_A_Ball/Content/StarterContent/Audio/Starter_Birds01.uasset" 604
"../../../../../../????????/????? ????? (8)/Roll_A_Ball_part01_11100815/Roll_A_Ball/Roll_A_Ball/Content/StarterContent/Audio/Starter_Background_Cue.uasset" 605
"../../../../../../????????/????? ????? (8)/Roll_A_Ball_part01_11100815/Roll_A_Ball/Roll_A_Ball/Content/StarterContent/Audio/Smoke01_Cue.uasset" 606
"../../../../../../????????/????? ????? (8)/Roll_A_Ball_part01_11100815/Roll_A_Ball/Roll_A_Ball/Content/StarterContent/Audio/Smoke01.uasset" 607
"../../../../../../????????/????? ????? (8)/Roll_A_Ball_part01_11100815/Roll_A_Ball/Roll_A_Ball/Content/StarterContent/Audio/Light02.uasset" 608
"../../../../../../????????/????? ????? (8)/Roll_A_Ball_part01_11100815/Roll_A_Ball/Roll_A_Ball/Content/StarterContent/Audio/Fire_Sparks01_Cue.uasset" 609
"../../../../../../????????/????? ????? (8)/Roll_A_Ball_part01_11100815/Roll_A_Ball/Roll_A_Ball/Content/StarterContent/Audio/Fire_Sparks01.uasset" 610
"../../../../../../????????/????? ????? (8)/Roll_A_Ball_part01_11100815/Roll_A_Ball/Roll_A_Ball/Content/StarterContent/Audio/Fire01_Cue.uasset" 611
"../../../../../../????????/????? ????? (8)/Roll_A_Ball_part01_11100815/Roll_A_Ball/Roll_A_Ball/Content/StarterContent/Audio/Fire01.uasset" 612
"../../../../../../????????/????? ????? (8)/Roll_A_Ball_part01_11100815/Roll_A_Ball/Roll_A_Ball/Content/StarterContent/Audio/Explosion_Cue.uasset" 613
"../../../../../../????????/????? ????? (8)/Roll_A_Ball_part01_11100815/Roll_A_Ball/Roll_A_Ball/Content/StarterContent/Audio/Explosion01.uasset" 614
"../../../../../../????????/????? ????? (8)/Roll_A_Ball_part01_11100815/Roll_A_Ball/Roll_A_Ball/Content/StarterContent/Audio/Explosion02.uasset" 615
"../../../../../../????????/????? ????? (8)/Roll_A_Ball_part01_11100815/Roll_A_Ball/Roll_A_Ball/Content/StarterContent/Audio/Collapse02.uasset" 616
"../../../../../../????????/????? ????? (8)/Roll_A_Ball_part01_11100815/Roll_A_Ball/Roll_A_Ball/Content/StarterContent/Audio/Collapse01.uasset" 617
"../../../../../../????????/????? ????? (8)/Roll_A_Ball_part01_11100815/Roll_A_Ball/Roll_A_Ball/Content/BP_PickUps.uasset" 618
"../../../../../../????????/????? ????? (8)/Roll_A_Ball_part01_11100815/Roll_A_Ball/Roll_A_Ball/Content/StarterContent/Maps/Minimal_Default.umap" 619
"../../../Engine/Content/EngineSky/BP_Sky_Sphere.uasset" 620
"../../../Engine/Content/EngineSky/C_Sky_Cloud_Color.uasset" 621
"../../../Engine/Content/EngineSky/C_Sky_Horizon_Color.uasset" 622
"../../../Engine/Content/EngineSky/C_Sky_Zenith_Color.uasset" 623
"../../../Engine/Content/EngineSky/M_Sky_Panning_Clouds2.uasset" 624
"../../../Engine/Content/EngineSky/T_Sky_Blue.uasset" 625
"../../../Engine/Content/EngineSky/T_Sky_Clouds_M.uasset" 626
"../../../Engine/Content/EngineSky/T_Sky_Stars.uasset" 627
"../../../Engine/Content/EngineSky/SM_SkySphere.uasset" 628
"../../../Engine/Content/BasicShapes/BasicShapeMaterial.uasset" 629
"../../../../../../????????/????? ????? (8)/Roll_A_Ball_part01_11100815/Roll_A_Ball/Roll_A_Ball/Content/StarterContent/Materials/M_Wood_Pine.uasset" 630
"../../../../../../????????/????? ????? (8)/Roll_A_Ball_part01_11100815/Roll_A_Ball/Roll_A_Ball/Content/StarterContent/Textures/T_MacroVariation.uasset" 631
"../../../../../../????????/????? ????? (8)/Roll_A_Ball_part01_11100815/Roll_A_Ball/Roll_A_Ball/Content/StarterContent/Textures/T_Wood_Pine_D.uasset" 632
"../../../../../../????????/????? ????? (8)/Roll_A_Ball_part01_11100815/Roll_A_Ball/Roll_A_Ball/Content/StarterContent/Textures/T_Wood_Pine_N.uasset" 633
"../../../Engine/Content/EditorResources/EmptyActor.uasset" 634
"../../../Engine/Content/EditorResources/AudioIcons/S_AudioComponent_AutoActivate.uasset" 635
"../../../../../../????????/????? ????? (8)/Roll_A_Ball_part01_11100815/Roll_A_Ball/Roll_A_Ball/Content/StarterContent/Props/Materials/M_StatueGlass.uasset" 636
"../../../../../../????????/????? ????? (8)/Roll_A_Ball_part01_11100815/Roll_A_Ball/Roll_A_Ball/Content/StarterContent/Textures/T_Statue_M.uasset" 637
"../../../../../../????????/????? ????? (8)/Roll_A_Ball_part01_11100815/Roll_A_Ball/Roll_A_Ball/Content/StarterContent/Textures/T_Statue_N.uasset" 638
"../../../Engine/Content/MobileResources/HUD/MobileHUDDirectionPad.uasset" 639
"../../../../../../????????/????? ????? (8)/Roll_A_Ball_part01_11100815/Roll_A_Ball/Roll_A_Ball/Content/StarterContent/Textures/T_Burst_M.uasset" 640
"../../../../../../????????/????? ????? (8)/Roll_A_Ball_part01_11100815/Roll_A_Ball/Roll_A_Ball/Content/StarterContent/Textures/T_Fire_SubUV.uasset" 641
"../../../Engine/Content/MobileResources/HUD/T_Castle_ThumbstickInner.uasset" 642
"../../../Engine/Content/MobileResources/HUD/MobileHUDButton2_off.uasset" 643
"../../../../../../????????/????? ????? (8)/Roll_A_Ball_part01_11100815/Roll_A_Ball/Roll_A_Ball/Content/StarterContent/Textures/T_Frame_N.uasset" 644
"../../../Engine/Content/MobileResources/HUD/MobileHUDDirectionStick.uasset" 645
"../../../../../../????????/????? ????? (8)/Roll_A_Ball_part01_11100815/Roll_A_Ball/Roll_A_Ball/Content/StarterContent/Props/Materials/M_Frame.uasset" 646
"../../../../../../????????/????? ????? (8)/Roll_A_Ball_part01_11100815/Roll_A_Ball/Roll_A_Ball/Content/StarterContent/Textures/T_Frame_M.uasset" 647
"../../../../../../????????/????? ????? (8)/Roll_A_Ball_part01_11100815/Roll_A_Ball/Roll_A_Ball/Content/StarterContent/Props/Materials/M_Door.uasset" 648
"../../../../../../????????/????? ????? (8)/Roll_A_Ball_part01_11100815/Roll_A_Ball/Roll_A_Ball/Content/StarterContent/Textures/T_Door_M.uasset" 649
"../../../../../../????????/????? ????? (8)/Roll_A_Ball_part01_11100815/Roll_A_Ball/Roll_A_Ball/Content/StarterContent/Textures/T_Door_N.uasset" 650
"../../../../../../????????/????? ????? (8)/Roll_A_Ball_part01_11100815/Roll_A_Ball/Roll_A_Ball/Content/StarterContent/Props/Materials/M_Chair.uasset" 651
"../../../../../../????????/????? ????? (8)/Roll_A_Ball_part01_11100815/Roll_A_Ball/Roll_A_Ball/Content/StarterContent/Textures/T_Chair_M.uasset" 652
"../../../../../../????????/????? ????? (8)/Roll_A_Ball_part01_11100815/Roll_A_Ball/Roll_A_Ball/Content/StarterContent/Textures/T_Chair_N.uasset" 653
"../../../../../../????????/????? ????? (8)/Roll_A_Ball_part01_11100815/Roll_A_Ball/Roll_A_Ball/Content/StarterContent/Props/Materials/M_Bush.uasset" 654
"../../../../../../????????/????? ????? (8)/Roll_A_Ball_part01_11100815/Roll_A_Ball/Roll_A_Ball/Content/StarterContent/Textures/T_Bush_D.uasset" 655
"../../../../../../????????/????? ????? (8)/Roll_A_Ball_part01_11100815/Roll_A_Ball/Roll_A_Ball/Content/StarterContent/Props/SM_Statue.uasset" 656
"../../../../../../????????/????? ????? (8)/Roll_A_Ball_part01_11100815/Roll_A_Ball/Roll_A_Ball/Content/StarterContent/Props/Materials/M_Statue.uasset" 657
"../../../../../../????????/????? ????? (8)/Roll_A_Ball_part01_11100815/Roll_A_Ball/Roll_A_Ball/Content/StarterContent/Particles/Materials/M_Spark.uasset" 658
"../../../../../../????????/????? ????? (8)/Roll_A_Ball_part01_11100815/Roll_A_Ball/Roll_A_Ball/Content/StarterContent/Textures/T_Spark_Core.uasset" 659
"../../../../../../????????/????? ????? (8)/Roll_A_Ball_part01_11100815/Roll_A_Ball/Roll_A_Ball/Content/StarterContent/Particles/Materials/M_smoke_subUV.uasset" 660
"../../../../../../????????/????? ????? (8)/Roll_A_Ball_part01_11100815/Roll_A_Ball/Roll_A_Ball/Content/StarterContent/Textures/T_Smoke_Tiled_D.uasset" 661
"../../../../../../????????/????? ????? (8)/Roll_A_Ball_part01_11100815/Roll_A_Ball/Roll_A_Ball/Content/StarterContent/Particles/Materials/M_radial_ramp.uasset" 662
"../../../Engine/Content/Functions/Engine_MaterialFunctions01/Gradient/RadialGradient.uasset" 663
"../../../../../../????????/????? ????? (8)/Roll_A_Ball_part01_11100815/Roll_A_Ball/Roll_A_Ball/Content/StarterContent/Particles/Materials/M_Heat_Distortion.uasset" 664
"../../../../../../????????/????? ????? (8)/Roll_A_Ball_part01_11100815/Roll_A_Ball/Roll_A_Ball/Content/StarterContent/Textures/T_Water_N.uasset" 665
"../../../../../../????????/????? ????? (8)/Roll_A_Ball_part01_11100815/Roll_A_Ball/Roll_A_Ball/Content/StarterContent/Particles/Materials/m_flare_01.uasset" 666
"../../../../../../????????/????? ????? (8)/Roll_A_Ball_part01_11100815/Roll_A_Ball/Roll_A_Ball/Content/StarterContent/Particles/Materials/M_Fire_SubUV.uasset" 667
"../../../../../../????????/????? ????? (8)/Roll_A_Ball_part01_11100815/Roll_A_Ball/Roll_A_Ball/Content/StarterContent/Textures/T_Fire_Tiled_D.uasset" 668
"../../../../../../????????/????? ????? (8)/Roll_A_Ball_part01_11100815/Roll_A_Ball/Roll_A_Ball/Content/StarterContent/Particles/Materials/M_explosion_subUV.uasset" 669
"../../../../../../????????/????? ????? (8)/Roll_A_Ball_part01_11100815/Roll_A_Ball/Roll_A_Ball/Content/StarterContent/Textures/T_Explosion_SubUV.uasset" 670
"../../../../../../????????/????? ????? (8)/Roll_A_Ball_part01_11100815/Roll_A_Ball/Roll_A_Ball/Content/StarterContent/Particles/Materials/M_Dust_Particle.uasset" 671
"../../../../../../????????/????? ????? (8)/Roll_A_Ball_part01_11100815/Roll_A_Ball/Roll_A_Ball/Content/StarterContent/Textures/T_Dust_Particle_D.uasset" 672
"../../../../../../????????/????? ????? (8)/Roll_A_Ball_part01_11100815/Roll_A_Ball/Roll_A_Ball/Content/StarterContent/Particles/Materials/M_Burst.uasset" 673
"../../../../../../????????/????? ????? (8)/Roll_A_Ball_part01_11100815/Roll_A_Ball/Roll_A_Ball/Content/StarterContent/Materials/M_Glass.uasset" 674
"../../../../../../????????/????? ????? (8)/Roll_A_Ball_part01_11100815/Roll_A_Ball/Roll_A_Ball/Content/StarterContent/Materials/M_Basic_Wall.uasset" 675
"../../../../../../????????/????? ????? (8)/Roll_A_Ball_part01_11100815/Roll_A_Ball/Roll_A_Ball/Content/StarterContent/Materials/M_Basic_Floor.uasset" 676
"../../../../../../????????/????? ????? (8)/Roll_A_Ball_part01_11100815/Roll_A_Ball/Roll_A_Ball/Content/StarterContent/Materials/M_AssetPlatform.uasset" 677
"../../../../../../????????/????? ????? (8)/Roll_A_Ball_part01_11100815/Roll_A_Ball/Roll_A_Ball/Content/StarterContent/Audio/Steam01_Cue.uasset" 678
"../../../Engine/Content/MobileResources/HUD/T_Castle_ThumbstickOutter.uasset" 679
"../../../Engine/Content/MobileResources/HUD/LeftVirtualJoystickOnly.uasset" 680
"../../../Engine/Content/MobileResources/HUD/AnalogHat.uasset" 681
"../../../../../../????????/????? ????? (8)/Roll_A_Ball_part01_11100815/Roll_A_Ball/Roll_A_Ball/Content/StarterContent/Textures/T_Rock_Basalt_D.uasset" 682
"../../../Engine/Content/MobileResources/T_MobileMenu2.uasset" 683
"../../../../../../????????/????? ????? (8)/Roll_A_Ball_part01_11100815/Roll_A_Ball/Roll_A_Ball/Content/StarterContent/Textures/T_TableRound_M.uasset" 684
"../../../Engine/Content/MobileResources/HUD/MobileHUDButton2_on.uasset" 685
"../../../../../../????????/????? ????? (8)/Roll_A_Ball_part01_11100815/Roll_A_Ball/Roll_A_Ball/Content/StarterContent/Props/Materials/M_Shelf.uasset" 686
"../../../../../../????????/????? ????? (8)/Roll_A_Ball_part01_11100815/Roll_A_Ball/Roll_A_Ball/Content/StarterContent/Textures/T_Shelf_M.uasset" 687
"../../../../../../????????/????? ????? (8)/Roll_A_Ball_part01_11100815/Roll_A_Ball/Roll_A_Ball/Content/StarterContent/Textures/T_Shelf_N.uasset" 688
"../../../../../../????????/????? ????? (8)/Roll_A_Ball_part01_11100815/Roll_A_Ball/Roll_A_Ball/Content/StarterContent/Props/Materials/M_Rock.uasset" 689
"../../../Engine/Content/Functions/Engine_MaterialFunctions02/Utility/BlendAngleCorrectedNormals.uasset" 690
"../../../../../../????????/????? ????? (8)/Roll_A_Ball_part01_11100815/Roll_A_Ball/Roll_A_Ball/Content/StarterContent/Textures/T_Detail_Rocky_N.uasset" 691
"../../../../../../????????/????? ????? (8)/Roll_A_Ball_part01_11100815/Roll_A_Ball/Roll_A_Ball/Content/StarterContent/Textures/T_RockMesh_M.uasset" 692
"../../../../../../????????/????? ????? (8)/Roll_A_Ball_part01_11100815/Roll_A_Ball/Roll_A_Ball/Content/StarterContent/Textures/T_RockMesh_N.uasset" 693
"../../../../../../????????/????? ????? (8)/Roll_A_Ball_part01_11100815/Roll_A_Ball/Roll_A_Ball/Content/StarterContent/Props/Materials/M_MaterialSphere_Plain.uasset" 694
"../../../../../../????????/????? ????? (8)/Roll_A_Ball_part01_11100815/Roll_A_Ball/Roll_A_Ball/Content/StarterContent/Props/Materials/M_MaterialSphere.uasset" 695
"../../../../../../????????/????? ????? (8)/Roll_A_Ball_part01_11100815/Roll_A_Ball/Roll_A_Ball/Content/StarterContent/Props/Materials/M_Lamp.uasset" 696
"../../../../../../????????/????? ????? (8)/Roll_A_Ball_part01_11100815/Roll_A_Ball/Roll_A_Ball/Content/StarterContent/Textures/T_Lamp_M.uasset" 697
"../../../../../../????????/????? ????? (8)/Roll_A_Ball_part01_11100815/Roll_A_Ball/Roll_A_Ball/Content/StarterContent/Textures/T_Lamp_N.uasset" 698
"../../../Engine/Content/MobileResources/HUD/MobileHUDDirectionPad2.uasset" 699
"../../../Engine/Content/MobileResources/T_MobileControls_texture.uasset" 700
"../../../../../../????????/????? ????? (8)/Roll_A_Ball_part01_11100815/Roll_A_Ball/Roll_A_Ball/Content/StarterContent/Textures/T_TableRound_N.uasset" 701
"../../../Engine/Content/MobileResources/HUD/MobileHUDButtonFire.uasset" 702
"../../../Engine/Content/MobileResources/HUD/MobileHUDButton1_on.uasset" 703
"../../../Engine/Content/MobileResources/HUD/MobileHUDButton1_off.uasset" 704
"../../../Engine/Content/MobileResources/HUD/MobileHUDButton3.uasset" 705
"../../../../../../????????/????? ????? (8)/Roll_A_Ball_part01_11100815/Roll_A_Ball/Roll_A_Ball/Content/StarterContent/Props/Materials/M_TableRound.uasset" 706
"..\..\..\Engine\Content\Internationalization\icudt53l\windowsZones.res" 707
"..\..\..\Engine\Content\Internationalization\icudt53l\zoneinfo64.res" 708
"..\..\..\Engine\Content\Internationalization\icudt53l\keyTypeData.res" 709
"..\..\..\Engine\Content\Internationalization\icudt53l\timezoneTypes.res" 710
"..\..\..\Engine\Content\Internationalization\icudt53l\likelySubtags.res" 711
"..\..\..\Engine\Content\Internationalization\icudt53l\supplementalData.res" 712
