[2022.06.30-08.14.33:893][  0]Log file open, 06/30/22 11:14:33
[2022.06.30-08.14.33:893][  0]LogInit:Display: Running engine for game: MyProject
[2022.06.30-08.14.33:893][  0]LogPlatformFile: Not using cached read wrapper
[2022.06.30-08.14.33:893][  0]LogInit:Display: RandInit(134367043) SRandInit(134367045).
[2022.06.30-08.14.33:893][  0]LogTaskGraph: Started task graph with 4 named threads and 5 total threads.
[2022.06.30-08.14.33:893][  0]LogStats: Stats thread started at 0.068633
[2022.06.30-08.14.33:893][  0]LogInit: Version: 4.10.4-2872498+++depot+UE4-Releases+4.10
[2022.06.30-08.14.33:893][  0]LogInit: API Version: 2758231
[2022.06.30-08.14.33:893][  0]LogInit: Compiled (64-bit): Feb 18 2016 15:47:04
[2022.06.30-08.14.33:893][  0]LogInit: Compiled with Visual C++: 19.00.23026.00
[2022.06.30-08.14.33:893][  0]LogInit: Build Configuration: Development
[2022.06.30-08.14.33:893][  0]LogInit: Branch Name: ++depot+UE4-Releases+4.10
[2022.06.30-08.14.33:893][  0]LogInit: Command line: 
[2022.06.30-08.14.33:893][  0]LogInit: Base directory: C:/Program Files/Epic Games/UE_4.10/Engine/Binaries/Win64/
[2022.06.30-08.14.33:893][  0]LogInit: Rocket: 1
[2022.06.30-08.14.33:898][  0]LogInit: Using libcurl 7.41.0
[2022.06.30-08.14.33:898][  0]LogInit:  - built for x86_64-pc-win32
[2022.06.30-08.14.33:898][  0]LogInit:  - supports SSL with WinSSL
[2022.06.30-08.14.33:898][  0]LogInit:  - other features:
[2022.06.30-08.14.33:898][  0]LogInit:      CURL_VERSION_SSL
[2022.06.30-08.14.33:898][  0]LogInit:      CURL_VERSION_IPV6
[2022.06.30-08.14.33:898][  0]LogInit:      CURL_VERSION_ASYNCHDNS
[2022.06.30-08.14.33:898][  0]LogInit:      CURL_VERSION_LARGEFILE
[2022.06.30-08.14.33:898][  0]LogInit:      CURL_VERSION_IDN
[2022.06.30-08.14.33:898][  0]LogInit:  CurlRequestOptions (configurable via config and command line):
[2022.06.30-08.14.33:898][  0]LogInit:  - bVerifyPeer = true  - Libcurl will verify peer certificate
[2022.06.30-08.14.33:898][  0]LogInit:  - bUseHttpProxy = false  - Libcurl will NOT use HTTP proxy
[2022.06.30-08.14.33:898][  0]LogInit:  - bDontReuseConnections = false  - Libcurl will reuse connections
[2022.06.30-08.14.33:898][  0]LogInit:  - CertBundlePath = nullptr  - Libcurl will use whatever was configured at build time.
[2022.06.30-08.14.33:902][  0]LogInit: Presizing for 0 objects not considered by GC, pre-allocating 0 bytes.
[2022.06.30-08.14.33:905][  0]LogInit: Object subsystem initialized
[2022.06.30-08.14.33:906][  0]LogInit: Selected Device Profile: [Windows]
[2022.06.30-08.14.33:906][  0]LogInit: Applying CVar settings loaded from the selected device profile: [Windows]
[2022.06.30-08.14.33:911][  0]LogInit: Computer: DESKTOP-ESJH13B
[2022.06.30-08.14.33:911][  0]LogInit: User: Semen
[2022.06.30-08.14.33:911][  0]LogInit: CPU Page size=4096, Cores=2
[2022.06.30-08.14.33:911][  0]LogInit: High frequency timer resolution =10.000000 MHz
[2022.06.30-08.14.33:911][  0]LogMemory: Memory total: Physical=7.7GB (8GB approx)
[2022.06.30-08.14.33:911][  0]LogMemory: Platform Memory Stats for Windows
[2022.06.30-08.14.33:911][  0]LogMemory: Process Physical Memory: 57.73 MB used, 57.73 MB peak
[2022.06.30-08.14.33:911][  0]LogMemory: Process Virtual Memory: 57.65 MB used, 57.65 MB peak
[2022.06.30-08.14.33:911][  0]LogMemory: Physical Memory: 5396.78 MB used, 7869.56 MB total
[2022.06.30-08.14.33:911][  0]LogMemory: Virtual Memory: 4503.15 MB used, 134217728.00 MB total
[2022.06.30-08.14.33:937][  0]LogTextLocalizationManager: No translations for ('ru-RU') exist, falling back to 'en' for localization and internationalization data.
[2022.06.30-08.14.34:293][  0]LogD3D11RHI: Found D3D11 adapter 0: NVIDIA GeForce MX330 (Feature Level 11_0)
[2022.06.30-08.14.34:293][  0]LogD3D11RHI: Adapter has 1983MB of dedicated video memory, 0MB of dedicated system memory, and 3934MB of shared system memory, 1 output[s]
[2022.06.30-08.14.34:320][  0]LogD3D11RHI: Found D3D11 adapter 1: Intel(R) UHD Graphics (Feature Level 11_0)
[2022.06.30-08.14.34:320][  0]LogD3D11RHI: Adapter has 128MB of dedicated video memory, 0MB of dedicated system memory, and 3934MB of shared system memory, 0 output[s]
[2022.06.30-08.14.34:323][  0]LogD3D11RHI: Found D3D11 adapter 2: Microsoft Basic Render Driver (Feature Level 11_0)
[2022.06.30-08.14.34:323][  0]LogD3D11RHI: Adapter has 0MB of dedicated video memory, 0MB of dedicated system memory, and 3934MB of shared system memory, 0 output[s]
[2022.06.30-08.14.34:323][  0]LogD3D11RHI: Chosen D3D11 Adapter Id = 0
[2022.06.30-08.14.34:328][  0]LogD3D11RHI: !Direct3DDevice
[2022.06.30-08.14.34:328][  0]LogRHI: Texture pool is 1361 MB (70% of 1945 MB)
[2022.06.30-08.14.34:383][  0]LogD3D11RHI: Async texture creation enabled
[2022.06.30-08.14.34:393][  0]LogShaderCompilers: Guid format shader working directory is -19 characters bigger than the processId version (../../../../../../Users/Semen/Documents/Unreal Projects/MyProject/Intermediate/Shaders/WorkingDirectory/9140/).
[2022.06.30-08.14.34:394][  0]LogShaderCompilers: Cleaned the shader compiler working directory 'C:/Users/Semen/AppData/Local/Temp/UnrealShaderWorkingDir/6697221A4D6848FC12CBF59DF20E020E/'.
[2022.06.30-08.14.34:394][  0]LogShaderCompilers:Display: Using Local Shader Compiler.
[2022.06.30-08.14.34:925][  0]LogTemp:Display: Loaded TP AllDesktopTargetPlatform
[2022.06.30-08.14.34:928][  0]LogTemp:Display: Loaded TP WindowsClientTargetPlatform
[2022.06.30-08.14.34:931][  0]LogTemp:Display: Loaded TP WindowsNoEditorTargetPlatform
[2022.06.30-08.14.34:935][  0]LogTemp:Display: Loaded TP WindowsServerTargetPlatform
[2022.06.30-08.14.34:939][  0]LogTemp:Display: Loaded TP WindowsTargetPlatform
[2022.06.30-08.14.34:942][  0]LogTemp:Display: Loaded TP AndroidTargetPlatform
[2022.06.30-08.14.34:944][  0]LogTemp:Display: Loaded TP Android_ASTCTargetPlatform
[2022.06.30-08.14.34:946][  0]LogTemp:Display: Loaded TP Android_ATCTargetPlatform
[2022.06.30-08.14.34:948][  0]LogTemp:Display: Loaded TP Android_DXTTargetPlatform
[2022.06.30-08.14.34:950][  0]LogTemp:Display: Loaded TP Android_ETC1TargetPlatform
[2022.06.30-08.14.34:953][  0]LogTemp:Display: Loaded TP Android_ETC2TargetPlatform
[2022.06.30-08.14.34:958][  0]LogTemp:Display: Loaded TP Android_MultiTargetPlatform
[2022.06.30-08.14.34:958][  0]LogTemp:Display: Loaded TP Android_PVRTCTargetPlatform
[2022.06.30-08.14.34:959][  0]LogTemp:Display: Loaded TP HTML5TargetPlatform
[2022.06.30-08.14.34:976][  0]LogTemp:Display: Loaded TP IOSTargetPlatform
[2022.06.30-08.14.34:978][  0]LogTemp:Display: Loaded TP LinuxNoEditorTargetPlatform
[2022.06.30-08.14.34:981][  0]LogTemp:Display: Loaded TP LinuxServerTargetPlatform
[2022.06.30-08.14.34:985][  0]LogTemp:Display: Loaded TP LinuxTargetPlatform
[2022.06.30-08.14.34:985][  0]LogTargetPlatformManager:Display: Building Assets For Windows
[2022.06.30-08.14.35:034][  0]LogDerivedDataCache:Display: Max Cache Size: 512 MB
[2022.06.30-08.14.35:064][  0]LogDerivedDataCache: Loaded boot cache 0.03s 41MB C:/Users/Semen/AppData/Local/UnrealEngine/4.10/DerivedDataCache/Boot.ddc.
[2022.06.30-08.14.35:064][  0]LogDerivedDataCache:Display: Loaded Boot cache: C:/Users/Semen/AppData/Local/UnrealEngine/4.10/DerivedDataCache/Boot.ddc
[2022.06.30-08.14.35:065][  0]LogDerivedDataCache: FDerivedDataBackendGraph:  Pak pak cache file ../../../../../../Users/Semen/Documents/Unreal Projects/MyProject/DerivedDataCache/DDC.ddp not found, will not use a pak cache.
[2022.06.30-08.14.35:065][  0]LogDerivedDataCache: Unable to find inner node Pak for hierarchical cache Hierarchy.
[2022.06.30-08.14.35:065][  0]LogDerivedDataCache: FDerivedDataBackendGraph:  CompressedPak pak cache file ../../../../../../Users/Semen/Documents/Unreal Projects/MyProject/DerivedDataCache/Compressed.ddp not found, will not use a pak cache.
[2022.06.30-08.14.35:065][  0]LogDerivedDataCache: Unable to find inner node CompressedPak for hierarchical cache Hierarchy.
[2022.06.30-08.14.35:099][  0]LogDerivedDataCache:Display: Pak cache opened for reading ../../../Engine/DerivedDataCache/Compressed.ddp.
[2022.06.30-08.14.35:111][  0]LogDerivedDataCache: Using Local data cache path C:/Users/Semen/AppData/Local/UnrealEngine/Common/DerivedDataCache: Writable
[2022.06.30-08.14.35:222][  0]LogInit: Selected Device Profile: [Windows]
[2022.06.30-08.14.35:223][  0]LogContentStreaming: Texture pool size is 0.000000MB
[2022.06.30-08.14.35:291][  0]LogMeshUtilities: No automatic mesh reduction module available
[2022.06.30-08.14.35:291][  0]LogMeshUtilities: No automatic mesh merging module available
[2022.06.30-08.14.35:441][  0]LogInit: WinSock: version 1.1 (2.2), MaxSocks=32767, MaxUdp=65467
[2022.06.30-08.14.35:933][  0]UdpMessaging: Initializing bridge on interface 0.0.0.0:0 to multicast group 230.0.0.1:6666.
[2022.06.30-08.14.36:025][  0]LogAssetRegistry: FAssetRegistry took 0.0114 seconds to start up
[2022.06.30-08.14.36:122][  0]SourceControl: Info Source control is disabled
[2022.06.30-08.14.36:122][  0]SourceControl: Info Source control is disabled
[2022.06.30-08.14.36:128][  0]SourceControl: Info Source control is disabled
[2022.06.30-08.14.36:137][  0]SourceControl: Info Source control is disabled
[2022.06.30-08.14.36:275][  0]LogObj: 28633 objects as part of root set at end of initial load.
[2022.06.30-08.14.36:275][  0]LogUObjectAllocator: 6099752 out of 0 bytes used by permanent object pool.
[2022.06.30-08.14.36:313][  0]LogEngine: Initializing Engine...
[2022.06.30-08.14.36:316][  0]LogHMD: Can't find Oculus library dev build: is proper Runtime installed? Version: 0.8.0.0
[2022.06.30-08.14.36:317][  0]LogHMD: SteamVR failed to initialize.  Err: 110
[2022.06.30-08.14.36:388][  0]LogAIModule: Creating AISystem for world NewWorld
[2022.06.30-08.14.36:394][  0]LogInit: XAudio2 using 'Динамики (Realtek(R) Audio)' : 2 channels at 48 kHz using 32 bits per sample (channel mask 0x3)
[2022.06.30-08.14.36:475][  0]LogInit: FAudioDevice initialized.
[2022.06.30-08.14.36:493][  0]LogDerivedDataCache: Saved boot cache 0.02s 41MB C:/Users/Semen/AppData/Local/UnrealEngine/4.10/DerivedDataCache/Boot.ddc.
[2022.06.30-08.14.36:498][  0]LogInit: Texture streaming: Enabled
[2022.06.30-08.14.36:502][  0]LogAnalytics: Creating configured Analytics provider AnalyticsET
[2022.06.30-08.14.36:502][  0]LogAnalytics: [UEEditor.Rocket.Release] APIServer = http://et2.epicgames.com/ET2/. AppVersion = 4.10.4-2872498+++depot+UE4-Releases+4.10
[2022.06.30-08.14.36:502][  0]LogAnalytics: [UEEditor.Rocket.Release] SetUserId 548e79e24beff3d281d90eb47fec7499|8a38d83708e14964a5c76b3ab8e973f9|d4a94db6-0cad-4853-992b-afc905a19590
[2022.06.30-08.14.36:502][  0]LogAnalytics: [UEEditor.Rocket.Release] AnalyticsET::StartSession
[2022.06.30-08.14.36:511][  0]LogInit: Transaction tracking system initialized
[2022.06.30-08.14.36:527][  0]BlueprintLog: New page: Editor Load
[2022.06.30-08.14.36:643][  0]LocalizationService: Info Localization service is disabled
[2022.06.30-08.14.36:699][  0]LogConsoleResponse:Display: 
[2022.06.30-08.14.36:781][  0]LogCook:Display: Done creating registry. It took  0.00s.
[2022.06.30-08.14.36:816][  0]LogFileCache: Scanning file cache for directory 'C:/Users/Semen/Documents/Unreal Projects/MyProject/Content/' took 0.01s
[2022.06.30-08.14.36:816][  0]SourceControl: Info Source control is disabled
[2022.06.30-08.14.36:816][  0]Cmd: MAP LOAD FILE="../../../../../../Users/Semen/Documents/Unreal Projects/MyProject/Content/NewMap.umap" TEMPLATE=0 SHOWPROGRESS=1 FEATURELEVEL=3
[2022.06.30-08.14.36:817][  0]LightingResults: New page: Lighting Build
[2022.06.30-08.14.36:827][  0]MapCheck: New page: Map Check
[2022.06.30-08.14.36:827][  0]LightingResults: New page: Lighting Build
[2022.06.30-08.14.36:839][  0]LogParticles: Destroying 0 GPU particle simulations for FXSystem 0x0000027B3C022AC0
[2022.06.30-08.14.36:983][  0]LogAIModule: Creating AISystem for world NewMap
[2022.06.30-08.14.36:988][  0]LogEditorServer: Finished looking for orphan Actors (0.000 secs)
[2022.06.30-08.14.36:989][  0]Cmd: MAP CHECKDEP NOCLEARLOG
[2022.06.30-08.14.37:015][  0]MapCheck: Info Map check complete: 0 Error(s), 0 Warning(s), took 26.003ms to complete.
[2022.06.30-08.14.37:015][  0]LogFileHelpers: Loading map 'NewMap' took 0.198
[2022.06.30-08.14.37:117][  0]LogCollectionManager: Loaded 0 collections in 0.000958 seconds
[2022.06.30-08.14.37:157][  0]LogFileCache: Scanning file cache for directory 'C:/Users/Semen/Documents/Unreal Projects/MyProject/Saved/Collections/' took 0.01s
[2022.06.30-08.14.37:157][  0]LogFileCache: Scanning file cache for directory 'C:/Users/Semen/Documents/Unreal Projects/MyProject/Content/Developers/Semen/Collections/' took 0.01s
[2022.06.30-08.14.37:157][  0]LogFileCache: Scanning file cache for directory 'C:/Users/Semen/Documents/Unreal Projects/MyProject/Content/Collections/' took 0.01s
[2022.06.30-08.14.37:157][  0]LogCollectionManager: Rebuilt the GUID cache for 0 collections in 0.000002 seconds
[2022.06.30-08.14.37:162][  0]LogContentBrowser: Native class hierarchy populated in 0.0046 seconds. Added 1893 classes and 338 folders.
[2022.06.30-08.14.37:165][  0]LogContentBrowser: Native class hierarchy updated for 'WidgetCarousel' in 0.0002 seconds. Added 0 classes and 0 folders.
[2022.06.30-08.14.37:189][  0]LogContentBrowser: Native class hierarchy updated for 'AddContentDialog' in 0.0002 seconds. Added 0 classes and 0 folders.
[2022.06.30-08.14.37:193][  0]LogContentBrowser: Native class hierarchy updated for 'SceneOutliner' in 0.0003 seconds. Added 1 classes and 2 folders.
[2022.06.30-08.14.37:204][  0]LogCrashTracker: Crashtracker disabled due to settings.
[2022.06.30-08.14.37:209][  0]LogUObjectGlobals:Warning: Failed to find object 'Class None.'
[2022.06.30-08.14.37:232][  0]LogLoad: Full Startup: 3.60 seconds (BP compile: 0.03 seconds)
[2022.06.30-08.14.37:245][  0]LogOcInput: Can't find Oculus library dev build: is proper Runtime installed? Version: 0.8.0.0
[2022.06.30-08.14.37:288][  0]LogContentStreaming: Texture pool size now 1000 MB
[2022.06.30-08.14.37:374][  0]LogRenderer: Reallocating scene render targets to support 760x512 (Frame:2).
[2022.06.30-08.14.37:518][  2]LogAssetRegistry: Asset discovery search completed in 1.5047 seconds
[2022.06.30-08.14.37:518][  2]LogCollectionManager: Rebuilt the object cache for 0 collections in 0.000001 seconds (found 0 objects)
[2022.06.30-08.14.37:518][  2]LogCollectionManager: Fixed up redirectors for 0 collections in 0.000018 seconds (updated 0 objects)
[2022.06.30-08.14.39:784][260]LogPlayLevel: PlayLevel: No blueprints needed recompiling
[2022.06.30-08.14.39:784][260]PIE: New page: PIE session: NewMap (Jun 30, 2022, 2:14:39 PM)
[2022.06.30-08.14.39:784][260]LogPlayLevel: Creating play world package: /Game/UEDPIE_0_NewMap
[2022.06.30-08.14.39:786][260]LogPlayLevel: PIE: StaticDuplicateObject took: (0.001720s)
[2022.06.30-08.14.39:787][260]LogAIModule: Creating AISystem for world NewMap
[2022.06.30-08.14.39:787][260]LogPlayLevel: PIE: World Init took: (0.001115s)
[2022.06.30-08.14.39:787][260]LogPlayLevel: PIE: Created PIE world by copying editor world from /Game/NewMap.NewMap to /Game/UEDPIE_0_NewMap.NewMap (0.003049s)
[2022.06.30-08.14.39:807][260]LogInit: XAudio2 using 'Динамики (Realtek(R) Audio)' : 2 channels at 48 kHz using 32 bits per sample (channel mask 0x3)
[2022.06.30-08.14.39:816][260]LogInit: FAudioDevice initialized.
[2022.06.30-08.14.39:863][260]LogWorld: Game class is 'GameMode'
[2022.06.30-08.14.39:865][260]LogWorld: Bringing World /Game/UEDPIE_0_NewMap.NewMap up for play (max tick rate 0) at 2022.06.30-11.14.39
[2022.06.30-08.14.39:865][260]LogActor:Warning: GameSession /Game/UEDPIE_0_NewMap.NewMap:PersistentLevel.GameSession_0 has natively added scene component(s), but none of them were set as the actor's RootComponent - picking one arbitrarily
[2022.06.30-08.14.39:865][260]LogActor:Warning: GameNetworkManager /Game/UEDPIE_0_NewMap.NewMap:PersistentLevel.GameNetworkManager_0 has natively added scene component(s), but none of them were set as the actor's RootComponent - picking one arbitrarily
[2022.06.30-08.14.39:865][260]LogWorld: Bringing up level for play took: 0.002054
[2022.06.30-08.14.39:867][260]PIE: Info Play in editor start t