[2022.06.30-18.26.09:882][  0]Log file open, 06/30/22 23:26:09
[2022.06.30-18.26.09:882][  0]LogInit:Display: Running engine for game: SolarSystem
[2022.06.30-18.26.09:882][  0]LogPlatformFile: Not using cached read wrapper
[2022.06.30-18.26.09:882][  0]LogInit:Display: RandInit(-204654424) SRandInit(-204654423).
[2022.06.30-18.26.09:882][  0]LogTaskGraph: Started task graph with 4 named threads and 8 total threads.
[2022.06.30-18.26.09:882][  0]LogStats: Stats thread started at 0.102811
[2022.06.30-18.26.09:882][  0]LogInit: Version: 4.10.4-2872498+++depot+UE4-Releases+4.10
[2022.06.30-18.26.09:882][  0]LogInit: API Version: 2758231
[2022.06.30-18.26.09:882][  0]LogInit: Compiled (64-bit): Feb 18 2016 15:47:04
[2022.06.30-18.26.09:882][  0]LogInit: Compiled with Visual C++: 19.00.23026.00
[2022.06.30-18.26.09:882][  0]LogInit: Build Configuration: Development
[2022.06.30-18.26.09:882][  0]LogInit: Branch Name: ++depot+UE4-Releases+4.10
[2022.06.30-18.26.09:882][  0]LogInit: Command line: -EpicPortal  -epicusername="BizonHikki" -epicuserid=2bf414c999e74fe2a805a004e6760eec -epiclocale=ru -epicsandboxid=ue
[2022.06.30-18.26.09:882][  0]LogInit: Base directory: D:/Program Files/Epic Games/UE_4.10/Engine/Binaries/Win64/
[2022.06.30-18.26.09:882][  0]LogInit: Rocket: 1
[2022.06.30-18.26.09:887][  0]LogInit: Using libcurl 7.41.0
[2022.06.30-18.26.09:887][  0]LogInit:  - built for x86_64-pc-win32
[2022.06.30-18.26.09:887][  0]LogInit:  - supports SSL with WinSSL
[2022.06.30-18.26.09:887][  0]LogInit:  - other features:
[2022.06.30-18.26.09:887][  0]LogInit:      CURL_VERSION_SSL
[2022.06.30-18.26.09:887][  0]LogInit:      CURL_VERSION_IPV6
[2022.06.30-18.26.09:887][  0]LogInit:      CURL_VERSION_ASYNCHDNS
[2022.06.30-18.26.09:887][  0]LogInit:      CURL_VERSION_LARGEFILE
[2022.06.30-18.26.09:887][  0]LogInit:      CURL_VERSION_IDN
[2022.06.30-18.26.09:887][  0]LogInit:  CurlRequestOptions (configurable via config and command line):
[2022.06.30-18.26.09:887][  0]LogInit:  - bVerifyPeer = true  - Libcurl will verify peer certificate
[2022.06.30-18.26.09:887][  0]LogInit:  - bUseHttpProxy = false  - Libcurl will NOT use HTTP proxy
[2022.06.30-18.26.09:887][  0]LogInit:  - bDontReuseConnections = false  - Libcurl will reuse connections
[2022.06.30-18.26.09:887][  0]LogInit:  - CertBundlePath = nullptr  - Libcurl will use whatever was configured at build time.
[2022.06.30-18.26.09:892][  0]LogInit: Presizing for 0 objects not considered by GC, pre-allocating 0 bytes.
[2022.06.30-18.26.09:897][  0]LogInit: Object subsystem initialized
[2022.06.30-18.26.09:897][  0]LogInit: Selected Device Profile: [Windows]
[2022.06.30-18.26.09:897][  0]LogInit: Applying CVar settings loaded from the selected device profile: [Windows]
[2022.06.30-18.26.09:903][  0]LogInit: Computer: BIZONPC
[2022.06.30-18.26.09:903][  0]LogInit: User: mikaa
[2022.06.30-18.26.09:903][  0]LogInit: CPU Page size=4096, Cores=6
[2022.06.30-18.26.09:903][  0]LogInit: High frequency timer resolution =10.000000 MHz
[2022.06.30-18.26.09:903][  0]LogMemory: Memory total: Physical=15.9GB (16GB approx)
[2022.06.30-18.26.09:903][  0]LogMemory: Platform Memory Stats for Windows
[2022.06.30-18.26.09:903][  0]LogMemory: Process Physical Memory: 58.19 MB used, 58.20 MB peak
[2022.06.30-18.26.09:903][  0]LogMemory: Process Virtual Memory: 57.09 MB used, 57.09 MB peak
[2022.06.30-18.26.09:903][  0]LogMemory: Physical Memory: 13695.42 MB used, 16332.29 MB total
[2022.06.30-18.26.09:903][  0]LogMemory: Virtual Memory: 4504.41 MB used, 134217728.00 MB total
[2022.06.30-18.26.09:929][  0]LogTextLocalizationManager: No translations for ('ru-RU') exist, falling back to 'en' for localization and internationalization data.
[2022.06.30-18.26.10:295][  0]LogD3D11RHI: Found D3D11 adapter 0: AMD Radeon RX 5700 (Feature Level 11_0)
[2022.06.30-18.26.10:295][  0]LogD3D11RHI: Adapter has 8151MB of dedicated video memory, 0MB of dedicated system memory, and 8166MB of shared system memory, 1 output[s]
[2022.06.30-18.26.10:297][  0]LogD3D11RHI: Found D3D11 adapter 1: Microsoft Basic Render Driver (Feature Level 11_0)
[2022.06.30-18.26.10:297][  0]LogD3D11RHI: Adapter has 0MB of dedicated video memory, 0MB of dedicated system memory, and 8166MB of shared system memory, 0 output[s]
[2022.06.30-18.26.10:297][  0]LogD3D11RHI: Chosen D3D11 Adapter Id = 0
[2022.06.30-18.26.10:306][  0]LogD3D11RHI: !Direct3DDevice
[2022.06.30-18.26.10:306][  0]LogRHI: Texture pool is 1361 MB (70% of 1945 MB)
[2022.06.30-18.26.10:341][  0]LogD3D11RHI: Async texture creation disabled: no driver support
[2022.06.30-18.26.10:362][  0]LogShaderCompilers: Guid format shader working directory is -13 characters bigger than the processId version (../../../../../../Загрузки/SolarSystem_11134401/SolarSystem/Intermediate/Shaders/WorkingDirectory/8620/).
[2022.06.30-18.26.10:362][  0]LogShaderCompilers: Cleaned the shader compiler working directory 'C:/Users/mikaa/AppData/Local/Temp/UnrealShaderWorkingDir/C34290AA4CD54E9C1566F0ABF78CA39A/'.
[2022.06.30-18.26.10:362][  0]LogShaderCompilers:Display: Using Local Shader Compiler.
[2022.06.30-18.26.11:093][  0]LogTemp:Display: Loaded TP AllDesktopTargetPlatform
[2022.06.30-18.26.11:096][  0]LogTemp:Display: Loaded TP WindowsClientTargetPlatform
[2022.06.30-18.26.11:099][  0]LogTemp:Display: Loaded TP WindowsNoEditorTargetPlatform
[2022.06.30-18.26.11:102][  0]LogTemp:Display: Loaded TP WindowsServerTargetPlatform
[2022.06.30-18.26.11:105][  0]LogTemp:Display: Loaded TP WindowsTargetPlatform
[2022.06.30-18.26.11:108][  0]LogTemp:Display: Loaded TP AndroidTargetPlatform
[2022.06.30-18.26.11:110][  0]LogTemp:Display: Loaded TP Android_ASTCTargetPlatform
[2022.06.30-18.26.11:112][  0]LogTemp:Display: Loaded TP Android_ATCTargetPlatform
[2022.06.30-18.26.11:115][  0]LogTemp:Display: Loaded TP Android_DXTTargetPlatform
[2022.06.30-18.26.11:117][  0]LogTemp:Display: Loaded TP Android_ETC1TargetPlatform
[2022.06.30-18.26.11:120][  0]LogTemp:Display: Loaded TP Android_ETC2TargetPlatform
[2022.06.30-18.26.11:124][  0]LogTemp:Display: Loaded TP Android_MultiTargetPlatform
[2022.06.30-18.26.11:124][  0]LogTemp:Display: Loaded TP Android_PVRTCTargetPlatform
[2022.06.30-18.26.11:125][  0]LogTemp:Display: Loaded TP HTML5TargetPlatform
[2022.06.30-18.26.11:140][  0]LogTemp:Display: Loaded TP IOSTargetPlatform
[2022.06.30-18.26.11:142][  0]LogTemp:Display: Loaded TP LinuxNoEditorTargetPlatform
[2022.06.30-18.26.11:144][  0]LogTemp:Display: Loaded TP LinuxServerTargetPlatform
[2022.06.30-18.26.11:147][  0]LogTemp:Display: Loaded TP LinuxTargetPlatform
[2022.06.30-18.26.11:147][  0]LogTargetPlatformManager:Display: Building Assets For Windows
[2022.06.30-18.26.11:200][  0]LogDerivedDataCache:Display: Max Cache Size: 512 MB
[2022.06.30-18.26.11:232][  0]LogDerivedDataCache: Loaded boot cache 0.03s 41MB C:/Users/mikaa/AppData/Local/UnrealEngine/4.10/DerivedDataCache/Boot.ddc.
[2022.06.30-18.26.11:232][  0]LogDerivedDataCache:Display: Loaded Boot cache: C:/Users/mikaa/AppData/Local/UnrealEngine/4.10/DerivedDataCache/Boot.ddc
[2022.06.30-18.26.11:232][  0]LogDerivedDataCache: FDerivedDataBackendGraph:  Pak pak cache file ../../../../../../Загрузки/SolarSystem_11134401/SolarSystem/DerivedDataCache/DDC.ddp not found, will not use a pak cache.
[2022.06.30-18.26.11:232][  0]LogDerivedDataCache: Unable to find inner node Pak for hierarchical cache Hierarchy.
[2022.06.30-18.26.11:232][  0]LogDerivedDataCache: FDerivedDataBackendGraph:  CompressedPak pak cache file ../../../../../../Загрузки/SolarSystem_11134401/SolarSystem/DerivedDataCache/Compressed.ddp not found, will not use a pak cache.
[2022.06.30-18.26.11:232][  0]LogDerivedDataCache: Unable to find inner node CompressedPak for hierarchical cache Hierarchy.
[2022.06.30-18.26.11:276][  0]LogDerivedDataCache:Display: Pak cache opened for reading ../../../Engine/DerivedDataCache/Compressed.ddp.
[2022.06.30-18.26.11:289][  0]LogDerivedDataCache: Using Local data cache path C:/Users/mikaa/AppData/Local/UnrealEngine/Common/DerivedDataCache: Writable
[2022.06.30-18.26.11:420][  0]LogInit: Selected Device Profile: [Windows]
[2022.06.30-18.26.11:422][  0]LogContentStreaming: Texture pool size is 0.000000MB
[2022.06.30-18.26.11:492][  0]LogMeshUtilities: No automatic mesh reduction module available
[2022.06.30-18.26.11:492][  0]LogMeshUtilities: No automatic mesh merging module available
[2022.06.30-18.26.11:680][  0]LogInit: WinSock: version 1.1 (2.2), MaxSocks=32767, MaxUdp=65467
[2022.06.30-18.26.12:229][  0]UdpMessaging: Initializing bridge on interface 0.0.0.0:0 to multicast group 230.0.0.1:6666.
[2022.06.30-18.26.12:318][  0]LogAssetRegistry: FAssetRegistry took 0.0108 seconds to start up
[2022.06.30-18.26.12:420][  0]SourceControl: Info Source control is disabled
[2022.06.30-18.26.12:846][  0]SourceControl: Info Source control is disabled
[2022.06.30-18.26.12:854][  0]SourceControl: Info Source control is disabled
[2022.06.30-18.26.12:861][  0]SourceControl: Info Source control is disabled
[2022.06.30-18.26.13:014][  0]LogObj: 28633 objects as part of root set at end of initial load.
[2022.06.30-18.26.13:014][  0]LogUObjectAllocator: 6099752 out of 0 bytes used by permanent object pool.
[2022.06.30-18.26.13:057][  0]LogEngine: Initializing Engine...
[2022.06.30-18.26.13:060][  0]LogHMD: Can't find Oculus library dev build: is proper Runtime installed? Version: 0.8.0.0
[2022.06.30-18.26.13:061][  0]LogHMD: SteamVR failed to initialize.  Err: 110
[2022.06.30-18.26.13:139][  0]LogAIModule: Creating AISystem for world NewWorld
[2022.06.30-18.26.13:159][  0]LogInit: XAudio2 using 'Динамики (Realtek(R) Audio)' : 2 channels at 48 kHz using 32 bits per sample (channel mask 0x3)
[2022.06.30-18.26.13:181][  0]LogInit: FAudioDevice initialized.
[2022.06.30-18.26.13:201][  0]LogDerivedDataCache: Saved boot cache 0.02s 41MB C:/Users/mikaa/AppData/Local/UnrealEngine/4.10/DerivedDataCache/Boot.ddc.
[2022.06.30-18.26.13:205][  0]LogInit: Texture streaming: Enabled
[2022.06.30-18.26.13:208][  0]LogAnalytics: Creating configured Analytics provider AnalyticsET
[2022.06.30-18.26.13:208][  0]LogAnalytics: [UEEditor.Rocket.Release] APIServer = http://et2.epicgames.com/ET2/. AppVersion = 4.10.4-2872498+++depot+UE4-Releases+4.10
[2022.06.30-18.26.13:208][  0]LogAnalytics: [UEEditor.Rocket.Release] SetUserId 259de83b4c857151546da090d4631165|2bf414c999e74fe2a805a004e6760eec|b7d011c7-53e8-44e9-b189-13798bec99ac
[2022.06.30-18.26.13:208][  0]LogAnalytics: [UEEditor.Rocket.Release] AnalyticsET::StartSession
[2022.06.30-18.26.13:255][  0]LogInit: Transaction tracking system initialized
[2022.06.30-18.26.13:271][  0]BlueprintLog: New page: Editor Load
[2022.06.30-18.26.13:324][  0]LocalizationService: Info Localization service is disabled
[2022.06.30-18.26.13:374][  0]LogConsoleResponse:Display: 
[2022.06.30-18.26.13:584][  0]LogFileCache: Scanning file cache for directory 'D:/Загрузки/SolarSystem_11134401/SolarSystem/Content/' took 0.05s
[2022.06.30-18.26.13:584][  0]LogCook:Display: Done creating registry. It took  0.00s.
[2022.06.30-18.26.13:618][  0]SourceControl: Info Source control is disabled
[2022.06.30-18.26.13:618][  0]Cmd: MAP LOAD FILE="../../../../../../Загрузки/SolarSystem_11134401/SolarSystem/Content/NewMap.umap" TEMPLATE=0 SHOWPROGRESS=1 FEATURELEVEL=3
[2022.06.30-18.26.13:618][  0]LightingResults: New page: Lighting Build
[2022.06.30-18.26.13:620][  0]MapCheck: New page: Map Check
[2022.06.30-18.26.13:620][  0]LightingResults: New page: Lighting Build
[2022.06.30-18.26.13:628][  0]LogParticles: Destroying 0 GPU particle simulations for FXSystem 0x00000267099F3B00
[2022.06.30-18.26.14:446][  0]LogMaterial: Missing cached shader map for material M_Mechanika, compiling. 
[2022.06.30-18.26.15:112][  0]LogAIModule: Creating AISystem for world NewMap
[2022.06.30-18.26.15:308][  0]LogEditorServer: Finished looking for orphan Actors (0.000 secs)
[2022.06.30-18.26.15:364][  0]Cmd: MAP CHECKDEP NOCLEARLOG
[2022.06.30-18.26.15:403][  0]MapCheck: Info Map check complete: 0 Error(s), 0 Warning(s), took 38.298ms to complete.
[2022.06.30-18.26.15:403][  0]LogFileHelpers: Loading map 'NewMap' took 1.784
[2022.06.30-18.26.18:106][  0]LogCollectionManager: Loaded 0 collections in 0.001050 seconds
[2022.06.30-18.26.18:388][  0]LogFileCache: Scanning file cache for directory 'D:/Загрузки/SolarSystem_11134401/SolarSystem/Saved/Collections/' took 0.01s
[2022.06.30-18.26.18:388][  0]LogFileCache: Scanning file cache for directory 'D:/Загрузки/SolarSystem_11134401/SolarSystem/Content/Developers/mikaa/Collections/' took 0.01s
[2022.06.30-18.26.18:388][  0]LogFileCache: Scanning file cache for directory 'D:/Загрузки/SolarSystem_11134401/SolarSystem/Content/Collections/' took 0.01s
[2022.06.30-18.26.18:388][  0]LogCollectionManager: Rebuilt the GUID cache for 0 collections in 0.000002 seconds
[2022.06.30-18.26.18:407][  0]LogContentBrowser: Native class hierarchy populated in 0.0064 seconds. Added 1893 classes and 338 folders.
[2022.06.30-18.26.18:685][  0]LogContentBrowser: Native class hierarchy updated for 'WidgetCarousel' in 0.0003 seconds. Added 0 classes and 0 folders.
[2022.06.30-18.26.22:599][  0]LogContentBrowser: Native class hierarchy updated for 'AddContentDialog' in 0.0003 seconds. Added 0 classes and 0 folders.
[2022.06.30-18.26.22:884][  0]LogContentBrowser: Native class hierarchy updated for 'SceneOutliner' in 0.0004 seconds. Added 1 classes and 2 folders.
[2022.06.30-18.26.24:437][  0]LogCrashTracker: Crashtracker disabled due to settings.
[2022.06.30-18.26.24:836][  0]LogUObjectGlobals:Warning: Failed to find object 'Class None.'
[2022.06.30-18.26.24:940][  0]LogLoad: Full Startup: 15.47 seconds (BP compile: 0.27 seconds)
[2022.06.30-18.26.24:953][  0]LogOcInput: Can't find Oculus library dev build: is proper Runtime installed? Version: 0.8.0.0
[2022.06.30-18.26.25:752][  0]LogContentStreaming: Texture pool size now 1000 MB
[2022.06.30-18.26.26:700][  0]LogRenderer: Reallocating scene render targets to support 904x456 (Frame:2).
[2022.06.30-18.26.39:063][101]LogAssetRegistry: Asset discovery search completed in 26.7557 seconds
[2022.06.30-18.26.39:063][101]LogCollectionManager: Rebuilt the object cache for 0 collections in 0.000001 seconds (found 0 objects)
[2022.06.30-18.26.39:063][101]LogCollectionManager: Fixed up redirectors for 0 collections in 0.000014 seconds (updated 0 objects)
[2022.06.30-18.26.39:962][197]LogPlayLevel: PlayLevel: No blueprints needed recompiling
[2022.06.30-18.26.39:971][197]PIE: New page: PIE session: NewMap (Jul 1, 2022, 5:26:39 AM)
[2022.06.30-18.26.39:988][197]LogPlayLevel: Creating play world package: /Game/UEDPIE_0_NewMap
[2022.06.30-18.26.40:016][197]LogPlayLevel: PIE: StaticDuplicateObject took: (0.028025s)
[2022.06.30-18.26.40:017][197]LogAIModule: Creating AISystem for world NewMap
[2022.06.30-18.26.40:017][197]LogPlayLevel: PIE: World Init took: (0.000588s)
[2022.06.30-18.26.40:017][197]LogPlayLevel: PIE: Created PIE world by copying editor world from /Game/NewMap.NewMap to /Game/UEDPIE_0_NewMap.NewMap (0.029007s)
[2022.06.30-18.26.40:098][197]LogInit: XAudio2 using 'Динамики (Realtek(R) Audio)' : 2 channels at 48 kHz using 32 bits per sample (channel mask 0x3)
[2022.06.30-18.26.40:113][197]LogInit: FAudioDevice initialized.
[2022.06.30-18.26.40:282][197]LogWorld: Game class is 'GameMode'
[2022.06.30-18.26.40:319][197]LogWorld: Bringing World /Game/UEDPIE_0_NewMap.NewMap up for play (max tick rate 0) at 2022.06.30-23.26.40
[2022.06.30-18.26.40:319][197]LogActor:Warning: GameSession /Game/UEDPIE_0_NewMap.NewMap:PersistentLevel.GameSession_0 has natively added scene component(s), but none of them were set as the actor's RootComponent - picking one arbitrarily
[2022.06.30-18.26.40:319][197]LogActor:Warning: GameNetworkManager /Game/UEDPIE_0_NewMap.NewMap:PersistentLevel.GameNetworkManager_0 has natively added scene component(s), but none of them were set as the actor's RootComponent - picking one arbitrarily
[2022.06.30-18.26.40:370][197]LogWorld: Bringing up level for play took: 0.052437
[2022.06.30-18.26.40:490][197]PIE: Info Play in editor start time for /Game/UEDPIE_0_NewMap -0.286
[2022.06.30-18.27.05:759][195]LogParticles: Destroying 0 GPU particle simulations for FXSystem 0x0000026729DE3380
[2022.06.30-18.27.07:989][416]Cmd: QUIT_EDITOR
[2022.06.30-18.27.08:686][416]LogWindowsTextInputMethodSystem:Display: IME system now deactivated.
[2022.06.30-18.27.08:730][416]LogExit: Preparing to exit.
[2022.06.30-18.27.09:354][416]LogExit: Editor shut down
[2022.06.30-18.27.09:354][416]LogExit: Transaction tracking system shut down
[2022.06.30-18.27.09:355][416]LogParticles: Destroying 0 GPU particle simulations for FXSystem 0x000002677A1779C0
[2022.06.30-18.27.09:355][416]LogParticles: Destroying 0 GPU particle simulations for FXSystem 0x0000026715923880
[2022.06.30-18.27.09:355][416]LogParticles: Destroying 0 GPU particle simulations for FXSystem 0x0000026708A947C0
[2022.06.30-18.27.09:355][416]LogParticles: Destroying 0 GPU particle simulations for FXSystem 0x000002671EF94FE0
[2022.06.30-18.27.09:355][416]LogParticles: Destroying 0 GPU particle simulations for FXSystem 0x000002671EF94E00
[2022.06.30-18.27.09:455][416]LogExit: Object subsystem successfully closed.
[2022.06.30-18.27.09:469][416]LogD3D11RHI: Shutdown
[2022.06.30-18.27.09:469][416]LogD3D11RHI: CleanupD3DDevice
[2022.06.30-18.27.09:567][416]LogD3D11RHI: ~FD3D11DynamicRHI
[2022.06.30-18.27.09:578][416]LogModuleManager: Shutting down and abandoning module CrashTracker (198)
[2022.06.30-18.27.09:578][416]LogModuleManager: Shutting down and abandoning module SceneOutliner (197)
[2022.06.30-18.27.09:578][416]LogModuleManager: Shutting down and abandoning module SuperSearch (196)
[2022.06.30-18.27.09:578][416]LogModuleManager: Shutting down and abandoning module WidgetCarousel (195)
[2022.06.30-18.27.09:578][416]LogModuleManager: Shutting down and abandoning module AddContentDialog (194)
[2022.06.30-18.27.09:579][416]LogModuleManager: Shutting down and abandoning module EditorWidgets (193)
[2022.06.30-18.27.09:579][416]LogModuleManager: Shutting down and abandoning module CollectionManager (192)
[2022.06.30-18.27.09:579][416]LogModuleManager: Shutting down and abandoning module StatsViewer (191)
[2022.06.30-18.27.09:579][416]LogModuleManager: Shutting down and abandoning module FoliageEdit (190)
[2022.06.30-18.27.09:579][416]LogModuleManager: Shutting down and abandoning module LandscapeEditor (189)
[2022.06.30-18.27.09:579][416]LogModuleManager: Shutting down and abandoning module ActorPickerMode (188)
[2022.06.30-18.27.09:579][416]LogModuleManager: Shutting down and abandoning module GeometryMode (187)
[2022.06.30-18.27.09:579][416]LogModuleManager: Shutting down and abandoning module TextureAlignMode (186)
[2022.06.30-18.27.09:579][416]LogModuleManager: Shutting down and abandoning module BspMode (185)
[2022.06.30-18.27.09:579][416]LogModuleManager: Shutting down and abandoning module PlacementMode (184)
[2022.06.30-18.27.09:579][416]LogModuleManager: Shutting down and abandoning module AutomationWorker (183)
[2022.06.30-18.27.09:579][416]LogModuleManager: Shutting down and abandoning module CharacterAI (182)
[2022.06.30-18.27.09:579][416]LogModuleManager: Shutting down and abandoning module SmartSnapping (181)
[2022.06.30-18.27.09:579][416]LogModuleManager: Shutting down and abandoning module ViewportSnapping (180)
[2022.06.30-18.27.09:579][416]LogModuleManager: Shutting down and abandoning module LogVisualizer (179)
[2022.06.30-18.27.09:579][416]LogModuleManager: Shutting down and abandoning module GameProjectGeneration (178)
[2022.06.30-18.27.09:579][416]LogModuleManager: Shutting down and abandoning module IntroTutorials (177)
[2022.06.30-18.27.09:579][416]LogModuleManager: Shutting down and abandoning module EditorLiveStreaming (176)
[2022.06.30-18.27.09:579][416]LogModuleManager: Shutting down and abandoning module IOSPlatformEditor (175)
[2022.06.30-18.27.09:579][416]LogModuleManager: Shutting down and abandoning module HTML5PlatformEditor (174)
[2022.06.30-18.27.09:579][416]LogModuleManager: Shutting down and abandoning module AndroidDeviceDetection (173)
[2022.06.30-18.27.10:379][416]LogModuleManager: Shutting down and abandoning module AndroidPlatformEditor (172)
[2022.06.30-18.27.10:379][416]LogModuleManager: Shutting down and abandoning module IOSRuntimeSettings (171)
[2022.06.30-18.27.10:379][416]LogModuleManager: Shutting down and abandoning module AndroidRuntimeSettings (170)
[2022.06.30-18.27.10:379][416]LogModuleManager: Shutting down and abandoning module MergeActors (169)
[2022.06.30-18.27.10:379][416]LogModuleManager: Shutting down and abandoning module SizeMap (168)
[2022.06.30-18.27.10:379][416]LogModuleManager: Shutting down and abandoning module TreeMap (167)
[2022.06.30-18.27.10:379][416]LogModuleManager: Shutting down and abandoning module ReferenceViewer (166)
[2022.06.30-18.27.10:379][416]LogModuleManager: Shutting down and abandoning module LocalizationService (165)
[2022.06.30-18.27.10:379][416]LogModuleManager: Shutting down and abandoning module LocalizationDashboard (164)
[2022.06.30-18.27.10:379][416]LogModuleManager: Shutting down and abandoning module HardwareTargeting (163)
[2022.06.30-18.27.10:379][416]LogModuleManager: Shutting down and abandoning module DeviceProfileEditor (162)
[2022.06.30-18.27.10:379][416]LogModuleManager: Shutting down and abandoning module UndoHistory (161)
[2022.06.30-18.27.10:379][416]LogModuleManager: Shutting down and abandoning module GameplayTagsEditor (160)
[2022.06.30-18.27.10:379][416]LogModuleManager: Shutting down and abandoning module UserFeedback (159)
[2022.06.30-18.27.10:379][416]LogModuleManager: Shutting down and abandoning module XmlParser (158)
[2022.06.30-18.27.10:379][416]LogModuleManager: Shutting down and abandoning module Blutility (157)
[2022.06.30-18.27.10:379][416]LogModuleManager: Shutting down and abandoning module ProjectTargetPlatformEditor (156)
[2022.06.30-18.27.10:379][416]LogModuleManager: Shutting down and abandoning module ProjectSettingsViewer (155)
[2022.06.30-18.27.10:379][416]LogModuleManager: Shutting down and abandoning module InputBindingEditor (154)
[2022.06.30-18.27.10:379][416]LogModuleManager: Shutting down and abandoning module EditorSettingsViewer (153)
[2022.06.30-18.27.10:379][416]LogModuleManager: Shutting down and abandoning module SettingsEditor (152)
[2022.06.30-18.27.10:379][416]LogModuleManager: Shutting down and abandoning module ProjectLauncher (151)
[2022.06.30-18.27.10:379][416]LogModuleManager: Shutting down and abandoning module SessionFrontend (150)
[2022.06.30-18.27.10:379][416]LogModuleManager: Shutting down and abandoning module ProfilerClient (149)
[2022.06.30-18.27.10:379][416]LogModuleManager: Shutting down and abandoning module TargetDeviceServices (148)
[2022.06.30-18.27.10:379][416]LogModuleManager: Shutting down and abandoning module DeviceManager (147)
[2022.06.30-18.27.10:380][416]LogModuleManager: Shutting down and abandoning module AutomationController (146)
[2022.06.30-18.27.10:380][416]LogModuleManager: Shutting down and abandoning module AutomationWindow (145)
[2022.06.30-18.27.10:380][416]LogModuleManager: Shutting down and abandoning module Layers (144)
[2022.06.30-18.27.10:380][416]LogModuleManager: Shutting down and abandoning module ComponentVisualizers (143)
[2022.06.30-18.27.10:380][416]LogModuleManager: Shutting down and abandoning module DetailCustomizations (142)
[2022.06.30-18.27.10:380][416]LogModuleManager: Shutting down and abandoning module PackagesDialog (141)
[2022.06.30-18.27.10:380][416]LogModuleManager: Shutting down and abandoning module Persona (140)
[2022.06.30-18.27.10:380][416]LogModuleManager: Shutting down and abandoning module Kismet (139)
[2022.06.30-18.27.10:380][416]LogModuleManager: Shutting down and abandoning module GraphEditor (138)
[2022.06.30-18.27.10:380][416]LogModuleManager: Shutting down and abandoning module ClassViewer (137)
[2022.06.30-18.27.10:380][416]LogModuleManager: Shutting down and abandoning module Toolbox (136)
[2022.06.30-18.27.10:380][416]LogModuleManager: Shutting down and abandoning module ModuleUI (135)
[2022.06.30-18.27.10:380][416]LogModuleManager: Shutting down and abandoning module MovieSceneTools (134)
[2022.06.30-18.27.10:380][416]LogModuleManager: Shutting down and abandoning module OutputLog (133)
[2022.06.30-18.27.10:380][416]LogModuleManager: Shutting down and abandoning module GammaUI (132)
[2022.06.30-18.27.10:380][416]LogModuleManager: Shutting down and abandoning module Documentation (131)
[2022.06.30-18.27.10:380][416]LogModuleManager: Shutting down and abandoning module GameLiveStreaming (130)
[2022.06.30-18.27.10:380][416]LogModuleManager: Shutting down and abandoning module StreamingPauseRendering (129)
[2022.06.30-18.27.10:380][416]LogModuleManager: Shutting down and abandoning module AnalyticsET (128)
[2022.06.30-18.27.10:380][416]LogModuleManager: Shutting down and abandoning module Analytics (127)
[2022.06.30-18.27.10:380][416]LogModuleManager: Shutting down and abandoning module AITestSuite (126)
[2022.06.30-18.27.10:380][416]LogModuleManager: Shutting down and abandoning module GameplayDebugger (125)
[2022.06.30-18.27.10:380][416]LogModuleManager: Shutting down and abandoning module AIModule (124)
[2022.06.30-18.27.10:380][416]LogModuleManager: Shutting down and abandoning module ProfilerService (123)
[2022.06.30-18.27.10:582][416]LogModuleManager: Shutting down and abandoning module TaskGraph (122)
[2022.06.30-18.27.10:582][416]LogModuleManager: Shutting down and abandoning module SlateRemote (121)
[2022.06.30-18.27.10:582][416]LogModuleManager: Shutting down and abandoning module SteamVRController (120)
[2022.06.30-18.27.10:582][416]LogModuleManager: Shutting down and abandoning module SteamVR (119)
[2022.06.30-18.27.10:582][416]LogModuleManager: Shutting down and abandoning module ProceduralMeshComponent (118)
[2022.06.30-18.27.10:582][416]LogModuleManager: Shutting down and abandoning module OculusLibrary (117)
[2022.06.30-18.27.10:582][416]LogModuleManager: Shutting down and abandoning module OculusInput (116)
[2022.06.30-18.27.10:582][416]LogModuleManager: Shutting down and abandoning module LeapMotionController (115)
[2022.06.30-18.27.10:616][416]LogModuleManager: Shutting down and abandoning module CustomMeshComponent (114)
[2022.06.30-18.27.10:616][416]LogModuleManager: Shutting down and abandoning module CableComponent (113)
[2022.06.30-18.27.10:616][416]LogModuleManager: Shutting down and abandoning module ArchVisCharacter (112)
[2022.06.30-18.27.10:616][416]LogModuleManager: Shutting down and abandoning module MessagingDebugger (111)
[2022.06.30-18.27.10:616][416]LogModuleManager: Shutting down and abandoning module MediaPlayerEditor (110)
[2022.06.30-18.27.10:616][416]LogModuleManager: Shutting down and abandoning module HTML5Networking (109)
[2022.06.30-18.27.10:616][416]LogModuleManager: Shutting down and abandoning module SpeedTreeImporter (108)
[2022.06.30-18.27.10:616][416]LogModuleManager: Shutting down and abandoning module PluginBrowser (107)
[2022.06.30-18.27.10:616][416]LogModuleManager: Shutting down and abandoning module EpicSurvey (106)
[2022.06.30-18.27.10:616][416]LogModuleManager: Shutting down and abandoning module DesktopPlatform (105)
[2022.06.30-18.27.10:616][416]LogModuleManager: Shutting down and abandoning module VisualStudioSourceCodeAccess (104)
[2022.06.30-18.27.10:616][416]LogModuleManager: Shutting down and abandoning module UObjectPlugin (103)
[2022.06.30-18.27.10:616][416]LogModuleManager: Shutting down and abandoning module SubversionSourceControl (102)
[2022.06.30-18.27.10:616][416]LogModuleManager: Shutting down and abandoning module PerforceSourceControl (101)
[2022.06.30-18.27.10:616][416]LogModuleManager: Shutting down and abandoning module SourceControl (100)
[2022.06.30-18.27.10:616][416]LogModuleManager: Shutting down and abandoning module GitSourceControl (99)
[2022.06.30-18.27.10:616][416]LogModuleManager: Shutting down and abandoning module LightPropagationVolumeEditor (98)
[2022.06.30-18.27.10:616][416]LogModuleManager: Shutting down and abandoning module PaperTiledImporter (97)
[2022.06.30-18.27.10:616][416]LogModuleManager: Shutting down and abandoning module PaperSpriteSheetImporter (96)
[2022.06.30-18.27.10:616][416]LogModuleManager: Shutting down and abandoning module MeshPaint (95)
[2022.06.30-18.27.10:616][416]LogModuleManager: Shutting down and abandoning module SlateReflector (94)
[2022.06.30-18.27.10:616][416]LogModuleManager: Shutting down and abandoning module HotReload (93)
[2022.06.30-18.27.10:616][416]LogModuleManager: Shutting down and abandoning module MainFrame (92)
[2022.06.30-18.27.10:616][416]LogModuleManager: Shutting down and abandoning module LevelEditor (91)
[2022.06.30-18.27.10:617][416]LogModuleManager: Shutting down and abandoning module DirectoryWatcher (90)
[2022.06.30-18.27.10:617][416]LogModuleManager: Shutting down and abandoning module AssetRegistry (89)
[2022.06.30-18.27.10:718][416]LogModuleManager: Shutting down and abandoning module ContentBrowser (88)
[2022.06.30-18.27.10:718][416]LogModuleManager: Shutting down and abandoning module Paper2DEditor (87)
[2022.06.30-18.27.10:718][416]LogModuleManager: Shutting down and abandoning module UdpMessaging (86)
[2022.06.30-18.27.10:819][416]LogModuleManager: Shutting down and abandoning module LightPropagationVolumeRuntime (85)
[2022.06.30-18.27.10:819][416]LogModuleManager: Shutting down and abandoning module Paper2D (84)
[2022.06.30-18.27.10:819][416]LogModuleManager: Shutting down and abandoning module WindowsMoviePlayer (83)
[2022.06.30-18.27.10:820][416]LogModuleManager: Shutting down and abandoning module Media (82)
[2022.06.30-18.27.10:820][416]LogModuleManager: Shutting down and abandoning module WmfMedia (81)
[2022.06.30-18.27.10:822][416]LogModuleManager: Shutting down and abandoning module OnlineBlueprintSupport (80)
[2022.06.30-18.27.10:822][416]LogModuleManager: Shutting down and abandoning module GameplayTasksEditor (79)
[2022.06.30-18.27.10:822][416]LogModuleManager: Shutting down and abandoning module PropertyEditor (78)
[2022.06.30-18.27.10:822][416]LogModuleManager: Shutting down and abandoning module BehaviorTreeEditor (77)
[2022.06.30-18.27.10:822][416]LogModuleManager: Shutting down and abandoning module FunctionalTesting (76)
[2022.06.30-18.27.10:822][416]LogModuleManager: Shutting down and abandoning module CollisionAnalyzer (75)
[2022.06.30-18.27.10:822][416]LogModuleManager: Shutting down and abandoning module WorkspaceMenuStructure (74)
[2022.06.30-18.27.10:822][416]LogModuleManager: Shutting down and abandoning module MessageLog (73)
[2022.06.30-18.27.10:822][416]LogModuleManager: Shutting down and abandoning module Sequencer (72)
[2022.06.30-18.27.10:822][416]LogModuleManager: Shutting down and abandoning module AssetTools (71)
[2022.06.30-18.27.10:822][416]LogModuleManager: Shutting down and abandoning module UMGEditor (70)
[2022.06.30-18.27.10:822][416]LogModuleManager: Shutting down and abandoning module UMG (69)
[2022.06.30-18.27.10:822][416]LogModuleManager: Shutting down and abandoning module Slate (68)
[2022.06.30-18.27.10:822][416]LogModuleManager: Shutting down and abandoning module EditorStyle (67)
[2022.06.30-18.27.10:823][416]LogModuleManager: Shutting down and abandoning module SessionServices (66)
[2022.06.30-18.27.10:823][416]LogModuleManager: Shutting down and abandoning module SourceCodeAccess (65)
[2022.06.30-18.27.10:823][416]LogModuleManager: Shutting down and abandoning module HeadMountedDisplay (64)
[2022.06.30-18.27.10:823][416]LogModuleManager: Shutting down and abandoning module XAudio2 (63)
[2022.06.30-18.27.10:823][416]LogModuleManager: Shutting down and abandoning module Networking (61)
[2022.06.30-18.27.10:823][416]LogModuleManager: Shutting down and abandoning module Core (60)
[2022.06.30-18.27.10:823][416]LogModuleManager: Shutting down and abandoning module KismetCompiler (59)
[2022.06.30-18.27.10:823][416]LogModuleManager: Shutting down and abandoning module PhysXFormats (58)
[2022.06.30-18.27.10:823][416]LogModuleManager: Shutting down and abandoning module MeshUtilities (57)
[2022.06.30-18.27.10:823][416]LogModuleManager: Shutting down and abandoning module DerivedDataCache (56)
[2022.06.30-18.27.10:828][416]LogDerivedDataCache: Shutdown
[2022.06.30-18.27.10:828][416]LogModuleManager: Shutting down and abandoning module ShaderFormatOpenGL (55)
[2022.06.30-18.27.10:828][416]LogModuleManager: Shutting down and abandoning module ShaderFormatD3D (54)
[2022.06.30-18.27.10:828][416]LogModuleManager: Shutting down and abandoning module MetalShaderFormat (53)
[2022.06.30-18.27.10:828][416]LogModuleManager: Shutting down and abandoning module TextureFormatUncompressed (52)
[2022.06.30-18.27.10:828][416]LogModuleManager: Shutting down and abandoning module TextureFormatPVR (51)
[2022.06.30-18.27.10:828][416]LogModuleManager: Shutting down and abandoning module TextureFormatIntelISPCTexComp (50)
[2022.06.30-18.27.10:828][416]LogModuleManager: Shutting down and abandoning module TextureFormatDXT (49)
[2022.06.30-18.27.10:828][416]LogModuleManager: Shutting down and abandoning module ImageWrapper (48)
[2022.06.30-18.27.10:828][416]LogModuleManager: Shutting down and abandoning module TextureFormatASTC (47)
[2022.06.30-18.27.10:828][416]LogModuleManager: Shutting down and abandoning module TextureFormatAndroid (46)
[2022.06.30-18.27.10:828][416]LogModuleManager: Shutting down and abandoning module AudioFormatOpus (45)
[2022.06.30-18.27.10:828][416]LogModuleManager: Shutting down and abandoning module AudioFormatOgg (44)
[2022.06.30-18.27.10:828][416]LogModuleManager: Shutting down and abandoning module AudioFormatADPCM (43)
[2022.06.30-18.27.10:828][416]LogModuleManager: Shutting down and abandoning module LinuxTargetPlatform (42)
[2022.06.30-18.27.10:828][416]LogModuleManager: Shutting down and abandoning module LinuxServerTargetPlatform (41)
[2022.06.30-18.27.10:828][416]LogModuleManager: Shutting down and abandoning module LinuxNoEditorTargetPlatform (40)
[2022.06.30-18.27.10:828][416]LogModuleManager: Shutting down and abandoning module Messaging (39)
[2022.06.30-18.27.10:828][416]LogModuleManager: Shutting down and abandoning module IOSTargetPlatform (38)
[2022.06.30-18.27.10:828][416]LogModuleManager: Shutting down and abandoning module HTML5TargetPlatform (37)
[2022.06.30-18.27.10:828][416]LogModuleManager: Shutting down and abandoning module Android_PVRTCTargetPlatform (36)
[2022.06.30-18.27.10:828][416]LogModuleManager: Shutting down and abandoning module Android_MultiTargetPlatform (35)
[2022.06.30-18.27.10:828][416]LogModuleManager: Shutting down and abandoning module Android_ETC2TargetPlatform (34)
[2022.06.30-18.27.10:828][416]LogModuleManager: Shutting down and abandoning module Android_ETC1TargetPlatform (33)
[2022.06.30-18.27.10:828][416]LogModuleManager: Shutting down and abandoning module Android_DXTTargetPlatform (32)
[2022.06.30-18.27.10:828][416]LogModuleManager: Shutting down and abandoning module Android_ATCTargetPlatform (31)
[2022.06.30-18.27.10:828][416]LogModuleManager: Shutting down and abandoning module Android_ASTCTargetPlatform (30)
[2022.06.30-18.27.10:828][416]LogModuleManager: Shutting down and abandoning module AndroidTargetPlatform (29)
[2022.06.30-18.27.10:828][416]LogModuleManager: Shutting down and abandoning module WindowsTargetPlatform (28)
[2022.06.30-18.27.10:828][416]LogModuleManager: Shutting down and abandoning module WindowsServerTargetPlatform (27)
[2022.06.30-18.27.10:828][416]LogModuleManager: Shutting down and abandoning module WindowsNoEditorTargetPlatform (26)
[2022.06.30-18.27.10:828][416]LogModuleManager: Shutting down and abandoning module WindowsClientTargetPlatform (25)
[2022.06.30-18.27.10:828][416]LogModuleManager: Shutting down and abandoning module AllDesktopTargetPlatform (24)
[2022.06.30-18.27.10:828][416]LogModuleManager: Shutting down and abandoning module TargetPlatform (23)
[2022.06.30-18.27.10:828][416]LogModuleManager: Shutting down and abandoning module InputCore (22)
[2022.06.30-18.27.10:828][416]LogModuleManager: Shutting down and abandoning module Settings (21)
[2022.06.30-18.27.10:828][416]LogModuleManager: Shutting down and abandoning module OnlineSubsystem (19)
[2022.06.30-18.27.10:828][416]LogModuleManager: Shutting down and abandoning module HTTP (18)
[2022.06.30-18.27.12:832][416]LogModuleManager: Shutting down and abandoning module XMPP (17)
[2022.06.30-18.27.12:832][416]LogModuleManager: Shutting down and abandoning module OculusRift (16)
[2022.06.30-18.27.12:832][416]LogModuleManager: Shutting down and abandoning module ExampleDeviceProfileSelector (15)
[2022.06.30-18.27.12:832][416]LogModuleManager: Shutting down and abandoning module TextureCompressor (14)
[2022.06.30-18.27.12:832][416]LogModuleManager: Shutting down and abandoning module ShaderCore (13)
[2022.06.30-18.27.12:832][416]LogModuleManager: Shutting down and abandoning module Landscape (12)
[2022.06.30-18.27.12:832][416]LogModuleManager: Shutting down and abandoning module SlateRHIRenderer (11)
[2022.06.30-18.27.12:832][416]LogModuleManager: Shutting down and abandoning module OpenGLDrv (10)
[2022.06.30-18.27.12:832][416]LogModuleManager: Shutting down and abandoning module D3D11RHI (9)
[2022.06.30-18.27.12:832][416]LogModuleManager: Shutting down and abandoning module AnimGraphRuntime (8)
[2022.06.30-18.27.12:832][416]LogModuleManager: Shutting down and abandoning module Renderer (7)
[2022.06.30-18.27.12:832][416]LogModuleManager: Shutting down and abandoning module Engine (6)
[2022.06.30-18.27.12:832][416]LogModuleManager: Shutting down and abandoning module CoreUObject (5)
[2022.06.30-18.27.12:832][416]LogModuleManager: Shutting down and abandoning module NetworkFile (4)
[2022.06.30-18.27.12:832][416]LogModuleManager: Shutting down and abandoning module StreamingFile (3)
[2022.06.30-18.27.12:832][416]LogModuleManager: Shutting down and abandoning module SandboxFile (2)
[2022.06.30-18.27.12:833][416]LogModuleManager: Shutting down and abandoning module PakFile (1)
[2022.06.30-18.27.12:834][416]LogExit: Exiting.
[2022.06.30-18.27.12:841][416]Log file closed, 06/30/22 23:27:12
